2022-10-24 16:00:50 [::1][-][jkc3nkg5s40aif34m546lrvcjs][error][yii\base\ErrorException:256] yii\base\ErrorException: Exception (Unknown Property) 'yii\base\UnknownPropertyException' with message 'Getting unknown property: frontend\models\SignupForm::firstName' 

in C:\wamp64\www\projeto\vendor\yiisoft\yii2\base\Component.php:154

Stack trace:
#0 C:\wamp64\www\projeto\vendor\yiisoft\yii2\helpers\BaseHtml.php(2256): yii\base\Component->__get('firstName')
#1 C:\wamp64\www\projeto\vendor\yiisoft\yii2\helpers\BaseHtml.php(1370): yii\helpers\BaseHtml::getAttributeValue(Object(frontend\models\SignupForm), 'firstName')
#2 C:\wamp64\www\projeto\vendor\yiisoft\yii2\helpers\BaseHtml.php(1426): yii\helpers\BaseHtml::activeInput('text', Object(frontend\models\SignupForm), 'firstName', Array)
#3 C:\wamp64\www\projeto\vendor\yiisoft\yii2\widgets\ActiveField.php(407): yii\helpers\BaseHtml::activeTextInput(Object(frontend\models\SignupForm), 'firstName', Array)
#4 C:\wamp64\www\projeto\vendor\yiisoft\yii2\widgets\ActiveField.php(207): yii\widgets\ActiveField->textInput()
#5 C:\wamp64\www\projeto\vendor\yiisoft\yii2-bootstrap5\src\ActiveField.php(255): yii\widgets\ActiveField->render(NULL)
#6 C:\wamp64\www\projeto\vendor\yiisoft\yii2\widgets\ActiveField.php(176): yii\bootstrap5\ActiveField->render()
#7 C:\wamp64\www\projeto\frontend\views\site\signup.php(26): yii\widgets\ActiveField->__toString()
#8 C:\wamp64\www\projeto\vendor\yiisoft\yii2\base\View.php(347): require('C:\\wamp64\\www\\p...')
#9 C:\wamp64\www\projeto\vendor\yiisoft\yii2\base\View.php(257): yii\base\View->renderPhpFile('C:\\wamp64\\www\\p...', Array)
#10 C:\wamp64\www\projeto\vendor\yiisoft\yii2\base\View.php(156): yii\base\View->renderFile('C:\\wamp64\\www\\p...', Array, Object(frontend\controllers\SiteController))
#11 C:\wamp64\www\projeto\vendor\yiisoft\yii2\base\Controller.php(407): yii\base\View->render('signup', Array, Object(frontend\controllers\SiteController))
#12 C:\wamp64\www\projeto\frontend\controllers\SiteController.php(163): yii\base\Controller->render('signup', Array)
#13 [internal function]: frontend\controllers\SiteController->actionSignup()
#14 C:\wamp64\www\projeto\vendor\yiisoft\yii2\base\InlineAction.php(57): call_user_func_array(Array, Array)
#15 C:\wamp64\www\projeto\vendor\yiisoft\yii2\base\Controller.php(178): yii\base\InlineAction->runWithParams(Array)
#16 C:\wamp64\www\projeto\vendor\yiisoft\yii2\base\Module.php(552): yii\base\Controller->runAction('signup', Array)
#17 C:\wamp64\www\projeto\vendor\yiisoft\yii2\web\Application.php(103): yii\base\Module->runAction('site/signup', Array)
#18 C:\wamp64\www\projeto\vendor\yiisoft\yii2\base\Application.php(384): yii\web\Application->handleRequest(Object(yii\web\Request))
#19 C:\wamp64\www\projeto\frontend\web\index.php(18): yii\base\Application->run()
#20 {main} in C:\wamp64\www\projeto\vendor\yiisoft\yii2\base\ErrorHandler.php:384
Stack trace:
#0 C:\wamp64\www\projeto\vendor\yiisoft\yii2\base\ErrorHandler.php(384): yii\web\ErrorHandler->handleError(code: '256', message: ''Exception (Unk...', file: ''C:\\\\wamp64\\\\ww...', line: '384')
#1 C:\wamp64\www\projeto\vendor\yiisoft\yii2\base\ErrorHandler.php(384): ::trigger_error(message: ''Exception (Unk...', error_level: '256')
#2 C:\wamp64\www\projeto\vendor\yiisoft\yii2\widgets\ActiveField.php(178): yii\base\ErrorHandler::convertExceptionToError(exception: 'class yii\\base\\...')
#3 C:\wamp64\www\projeto\frontend\views\site\signup.php(26): yii\bootstrap5\ActiveField->__toString()
#4 C:\wamp64\www\projeto\vendor\yiisoft\yii2\base\View.php(347): yii\web\View->unknown()
#5 C:\wamp64\www\projeto\vendor\yiisoft\yii2\base\View.php(257): yii\web\View->renderPhpFile(_file_: ''C:\\\\wamp64\\\\ww...', _params_: '['model' => cla...')
#6 C:\wamp64\www\projeto\vendor\yiisoft\yii2\base\View.php(156): yii\web\View->renderFile(viewFile: ''C:\\\\wamp64\\\\ww...', params: '['model' => cla...', context: 'class frontend\\...')
#7 C:\wamp64\www\projeto\vendor\yiisoft\yii2\base\Controller.php(407): yii\web\View->render(view: ''signup'', params: '['model' => cla...', context: 'class frontend\\...')
#8 C:\wamp64\www\projeto\frontend\controllers\SiteController.php(163): frontend\controllers\SiteController->render(view: ''signup'', params: '['model' => cla...')
#9 C:\wamp64\www\projeto\vendor\yiisoft\yii2\base\InlineAction.php(57): frontend\controllers\SiteController->actionSignup()
#10 C:\wamp64\www\projeto\vendor\yiisoft\yii2\base\InlineAction.php(57): ::call_user_func_array:{C:\wamp64\www\projeto\vendor\yiisoft\yii2\base\InlineAction.php:57}(callback: '[0 => class fro...', args: '[]')
#11 C:\wamp64\www\projeto\vendor\yiisoft\yii2\base\Controller.php(178): yii\base\InlineAction->runWithParams(params: '['r' => 'site/s...')
#12 C:\wamp64\www\projeto\vendor\yiisoft\yii2\base\Module.php(552): frontend\controllers\SiteController->runAction(id: ''signup'', params: '['r' => 'site/s...')
#13 C:\wamp64\www\projeto\vendor\yiisoft\yii2\web\Application.php(103): yii\web\Application->runAction(route: ''site/signup'', params: '['r' => 'site/s...')
#14 C:\wamp64\www\projeto\vendor\yiisoft\yii2\base\Application.php(384): yii\web\Application->handleRequest(request: 'class yii\\web\\R...')
#15 C:\wamp64\www\projeto\frontend\web\index.php(18): yii\web\Application->run()
#16 {main}
2022-10-24 16:00:50 [::1][-][jkc3nkg5s40aif34m546lrvcjs][info][application] $_GET = [
    'r' => 'site/signup'
]

$_POST = []

$_FILES = []

$_COOKIE = [
    'Phpstorm-c7f4252b' => 'dd0cf5da-cbef-48de-a2c3-353be3b55f14'
    '_identity' => 'c2b0c5735c0f0621153f32b287ab2b686a7e33583f6ec990fb09d7aa96524145a:2:{i:0;s:9:\"_identity\";i:1;s:28:\"[\"100\",\"test100key\",2592000]\";}'
    '_csrf' => 'cccbc261fa4d58b9f8caf0acdbb9de37575f366b8f38938876fc1ef3937a85d7a:2:{i:0;s:5:\"_csrf\";i:1;s:32:\"ij5KNQ3M9FGrZ7q7gEokmwYNAgwfrbbE\";}'
    'PHPSESSID' => 'u866khqn6a6n6nqek3d074tjb5'
    'advanced-frontend' => 'jkc3nkg5s40aif34m546lrvcjs'
    'advanced-backend' => 'imn13964ba2ueilrtgss571k0k'
    '_csrf-frontend' => '7a70ab73e63f75bd4ac7ba00cf37a9e552bd2180842d63472d6467c34046cceea:2:{i:0;s:14:\"_csrf-frontend\";i:1;s:32:\"VTsrXpJ5U8pLzV6Va6Su0rKdpLohLFlF\";}'
    '_csrf-backend' => 'e22425e7c503b3ca722bc9a8d3de5a4d04d5c1b1cd19cbeff0368072e85c0fc8a:2:{i:0;s:13:\"_csrf-backend\";i:1;s:32:\"GuKdN8CDIhHMdtFDGQd-nuYrJ5rSxukZ\";}'
]

$_SESSION = [
    '__flash' => []
]

$_SERVER = [
    'HTTP_HOST' => 'localhost'
    'HTTP_CONNECTION' => 'keep-alive'
    'HTTP_CACHE_CONTROL' => 'max-age=0'
    'HTTP_SEC_CH_UA' => '\"Chromium\";v=\"106\", \"Google Chrome\";v=\"106\", \"Not;A=Brand\";v=\"99\"'
    'HTTP_SEC_CH_UA_MOBILE' => '?0'
    'HTTP_SEC_CH_UA_PLATFORM' => '\"Windows\"'
    'HTTP_UPGRADE_INSECURE_REQUESTS' => '1'
    'HTTP_USER_AGENT' => 'Mozilla/5.0 (Windows NT 10.0; Win64; x64) AppleWebKit/537.36 (KHTML, like Gecko) Chrome/106.0.0.0 Safari/537.36'
    'HTTP_ACCEPT' => 'text/html,application/xhtml+xml,application/xml;q=0.9,image/avif,image/webp,image/apng,*/*;q=0.8,application/signed-exchange;v=b3;q=0.9'
    'HTTP_SEC_FETCH_SITE' => 'same-origin'
    'HTTP_SEC_FETCH_MODE' => 'navigate'
    'HTTP_SEC_FETCH_USER' => '?1'
    'HTTP_SEC_FETCH_DEST' => 'document'
    'HTTP_REFERER' => 'http://localhost/projeto/frontend/web/'
    'HTTP_ACCEPT_ENCODING' => 'gzip, deflate, br'
    'HTTP_ACCEPT_LANGUAGE' => 'pt-PT,pt;q=0.9,en-US;q=0.8,en;q=0.7'
    'HTTP_COOKIE' => 'Phpstorm-c7f4252b=dd0cf5da-cbef-48de-a2c3-353be3b55f14; _identity=c2b0c5735c0f0621153f32b287ab2b686a7e33583f6ec990fb09d7aa96524145a%3A2%3A%7Bi%3A0%3Bs%3A9%3A%22_identity%22%3Bi%3A1%3Bs%3A28%3A%22%5B%22100%22%2C%22test100key%22%2C2592000%5D%22%3B%7D; _csrf=cccbc261fa4d58b9f8caf0acdbb9de37575f366b8f38938876fc1ef3937a85d7a%3A2%3A%7Bi%3A0%3Bs%3A5%3A%22_csrf%22%3Bi%3A1%3Bs%3A32%3A%22ij5KNQ3M9FGrZ7q7gEokmwYNAgwfrbbE%22%3B%7D; PHPSESSID=u866khqn6a6n6nqek3d074tjb5; advanced-frontend=jkc3nkg5s40aif34m546lrvcjs; advanced-backend=imn13964ba2ueilrtgss571k0k; _csrf-frontend=7a70ab73e63f75bd4ac7ba00cf37a9e552bd2180842d63472d6467c34046cceea%3A2%3A%7Bi%3A0%3Bs%3A14%3A%22_csrf-frontend%22%3Bi%3A1%3Bs%3A32%3A%22VTsrXpJ5U8pLzV6Va6Su0rKdpLohLFlF%22%3B%7D; _csrf-backend=e22425e7c503b3ca722bc9a8d3de5a4d04d5c1b1cd19cbeff0368072e85c0fc8a%3A2%3A%7Bi%3A0%3Bs%3A13%3A%22_csrf-backend%22%3Bi%3A1%3Bs%3A32%3A%22GuKdN8CDIhHMdtFDGQd-nuYrJ5rSxukZ%22%3B%7D'
    'PATH' => 'C:\\Windows\\system32;C:\\Windows;C:\\Windows\\System32\\Wbem;C:\\Windows\\System32\\WindowsPowerShell\\v1.0\\;C:\\Windows\\System32\\OpenSSH\\;C:\\Program Files (x86)\\NVIDIA Corporation\\PhysX\\Common;C:\\Program Files\\NVIDIA Corporation\\NVIDIA NvDLISR;C:\\Program Files\\Microsoft SQL Server\\150\\Tools\\Binn\\;C:\\ProgramData\\ComposerSetup\\bin;C:\\Program Files\\Microsoft SQL Server\\Client SDK\\ODBC\\170\\Tools\\Binn\\;C:\\Program Files\\dotnet\\;C:\\Program Files\\nodejs\\;C:\\Program Files\\Git\\cmd;C:\\wamp64\\bin\\php\\php8.1.0;C:\\composer;C:\\Program Files\\Common Files\\Oracle\\Java\\javapath;C:\\Windows\\system32\\config\\systemprofile\\AppData\\Local\\Microsoft\\WindowsApps'
    'SystemRoot' => 'C:\\Windows'
    'COMSPEC' => 'C:\\Windows\\system32\\cmd.exe'
    'PATHEXT' => '.COM;.EXE;.BAT;.CMD;.VBS;.VBE;.JS;.JSE;.WSF;.WSH;.MSC'
    'WINDIR' => 'C:\\Windows'
    'SERVER_SIGNATURE' => '<address>Apache/2.4.51 (Win64) PHP/8.1.0 Server at localhost Port 80</address>
'
    'SERVER_SOFTWARE' => 'Apache/2.4.51 (Win64) PHP/8.1.0'
    'SERVER_NAME' => 'localhost'
    'SERVER_ADDR' => '::1'
    'SERVER_PORT' => '80'
    'REMOTE_ADDR' => '::1'
    'DOCUMENT_ROOT' => 'C:/wamp64/www'
    'REQUEST_SCHEME' => 'http'
    'CONTEXT_PREFIX' => ''
    'CONTEXT_DOCUMENT_ROOT' => 'C:/wamp64/www'
    'SERVER_ADMIN' => 'wampserver@wampserver.invalid'
    'SCRIPT_FILENAME' => 'C:/wamp64/www/projeto/frontend/web/index.php'
    'REMOTE_PORT' => '64865'
    'GATEWAY_INTERFACE' => 'CGI/1.1'
    'SERVER_PROTOCOL' => 'HTTP/1.1'
    'REQUEST_METHOD' => 'GET'
    'QUERY_STRING' => 'r=site%2Fsignup'
    'REQUEST_URI' => '/projeto/frontend/web/index.php?r=site%2Fsignup'
    'SCRIPT_NAME' => '/projeto/frontend/web/index.php'
    'PHP_SELF' => '/projeto/frontend/web/index.php'
    'REQUEST_TIME_FLOAT' => 1666627250.5187
    'REQUEST_TIME' => 1666627250
]
2022-10-24 16:01:14 [::1][-][jkc3nkg5s40aif34m546lrvcjs][error][yii\base\ErrorException:256] yii\base\ErrorException: Exception (Unknown Property) 'yii\base\UnknownPropertyException' with message 'Getting unknown property: frontend\models\SignupForm::firstName' 

in C:\wamp64\www\projeto\vendor\yiisoft\yii2\base\Component.php:154

Stack trace:
#0 C:\wamp64\www\projeto\vendor\yiisoft\yii2\helpers\BaseHtml.php(2256): yii\base\Component->__get('firstName')
#1 C:\wamp64\www\projeto\vendor\yiisoft\yii2\helpers\BaseHtml.php(1370): yii\helpers\BaseHtml::getAttributeValue(Object(frontend\models\SignupForm), 'firstName')
#2 C:\wamp64\www\projeto\vendor\yiisoft\yii2\helpers\BaseHtml.php(1426): yii\helpers\BaseHtml::activeInput('text', Object(frontend\models\SignupForm), 'firstName', Array)
#3 C:\wamp64\www\projeto\vendor\yiisoft\yii2\widgets\ActiveField.php(407): yii\helpers\BaseHtml::activeTextInput(Object(frontend\models\SignupForm), 'firstName', Array)
#4 C:\wamp64\www\projeto\vendor\yiisoft\yii2\widgets\ActiveField.php(207): yii\widgets\ActiveField->textInput()
#5 C:\wamp64\www\projeto\vendor\yiisoft\yii2-bootstrap5\src\ActiveField.php(255): yii\widgets\ActiveField->render(NULL)
#6 C:\wamp64\www\projeto\vendor\yiisoft\yii2\widgets\ActiveField.php(176): yii\bootstrap5\ActiveField->render()
#7 C:\wamp64\www\projeto\frontend\views\site\signup.php(26): yii\widgets\ActiveField->__toString()
#8 C:\wamp64\www\projeto\vendor\yiisoft\yii2\base\View.php(347): require('C:\\wamp64\\www\\p...')
#9 C:\wamp64\www\projeto\vendor\yiisoft\yii2\base\View.php(257): yii\base\View->renderPhpFile('C:\\wamp64\\www\\p...', Array)
#10 C:\wamp64\www\projeto\vendor\yiisoft\yii2\base\View.php(156): yii\base\View->renderFile('C:\\wamp64\\www\\p...', Array, Object(frontend\controllers\SiteController))
#11 C:\wamp64\www\projeto\vendor\yiisoft\yii2\base\Controller.php(407): yii\base\View->render('signup', Array, Object(frontend\controllers\SiteController))
#12 C:\wamp64\www\projeto\frontend\controllers\SiteController.php(163): yii\base\Controller->render('signup', Array)
#13 [internal function]: frontend\controllers\SiteController->actionSignup()
#14 C:\wamp64\www\projeto\vendor\yiisoft\yii2\base\InlineAction.php(57): call_user_func_array(Array, Array)
#15 C:\wamp64\www\projeto\vendor\yiisoft\yii2\base\Controller.php(178): yii\base\InlineAction->runWithParams(Array)
#16 C:\wamp64\www\projeto\vendor\yiisoft\yii2\base\Module.php(552): yii\base\Controller->runAction('signup', Array)
#17 C:\wamp64\www\projeto\vendor\yiisoft\yii2\web\Application.php(103): yii\base\Module->runAction('site/signup', Array)
#18 C:\wamp64\www\projeto\vendor\yiisoft\yii2\base\Application.php(384): yii\web\Application->handleRequest(Object(yii\web\Request))
#19 C:\wamp64\www\projeto\frontend\web\index.php(18): yii\base\Application->run()
#20 {main} in C:\wamp64\www\projeto\vendor\yiisoft\yii2\base\ErrorHandler.php:384
Stack trace:
#0 C:\wamp64\www\projeto\vendor\yiisoft\yii2\base\ErrorHandler.php(384): yii\web\ErrorHandler->handleError(code: '256', message: ''Exception (Unk...', file: ''C:\\\\wamp64\\\\ww...', line: '384')
#1 C:\wamp64\www\projeto\vendor\yiisoft\yii2\base\ErrorHandler.php(384): ::trigger_error(message: ''Exception (Unk...', error_level: '256')
#2 C:\wamp64\www\projeto\vendor\yiisoft\yii2\widgets\ActiveField.php(178): yii\base\ErrorHandler::convertExceptionToError(exception: 'class yii\\base\\...')
#3 C:\wamp64\www\projeto\frontend\views\site\signup.php(26): yii\bootstrap5\ActiveField->__toString()
#4 C:\wamp64\www\projeto\vendor\yiisoft\yii2\base\View.php(347): yii\web\View->unknown()
#5 C:\wamp64\www\projeto\vendor\yiisoft\yii2\base\View.php(257): yii\web\View->renderPhpFile(_file_: ''C:\\\\wamp64\\\\ww...', _params_: '['model' => cla...')
#6 C:\wamp64\www\projeto\vendor\yiisoft\yii2\base\View.php(156): yii\web\View->renderFile(viewFile: ''C:\\\\wamp64\\\\ww...', params: '['model' => cla...', context: 'class frontend\\...')
#7 C:\wamp64\www\projeto\vendor\yiisoft\yii2\base\Controller.php(407): yii\web\View->render(view: ''signup'', params: '['model' => cla...', context: 'class frontend\\...')
#8 C:\wamp64\www\projeto\frontend\controllers\SiteController.php(163): frontend\controllers\SiteController->render(view: ''signup'', params: '['model' => cla...')
#9 C:\wamp64\www\projeto\vendor\yiisoft\yii2\base\InlineAction.php(57): frontend\controllers\SiteController->actionSignup()
#10 C:\wamp64\www\projeto\vendor\yiisoft\yii2\base\InlineAction.php(57): ::call_user_func_array:{C:\wamp64\www\projeto\vendor\yiisoft\yii2\base\InlineAction.php:57}(callback: '[0 => class fro...', args: '[]')
#11 C:\wamp64\www\projeto\vendor\yiisoft\yii2\base\Controller.php(178): yii\base\InlineAction->runWithParams(params: '['r' => 'site/s...')
#12 C:\wamp64\www\projeto\vendor\yiisoft\yii2\base\Module.php(552): frontend\controllers\SiteController->runAction(id: ''signup'', params: '['r' => 'site/s...')
#13 C:\wamp64\www\projeto\vendor\yiisoft\yii2\web\Application.php(103): yii\web\Application->runAction(route: ''site/signup'', params: '['r' => 'site/s...')
#14 C:\wamp64\www\projeto\vendor\yiisoft\yii2\base\Application.php(384): yii\web\Application->handleRequest(request: 'class yii\\web\\R...')
#15 C:\wamp64\www\projeto\frontend\web\index.php(18): yii\web\Application->run()
#16 {main}
2022-10-24 16:01:13 [::1][-][jkc3nkg5s40aif34m546lrvcjs][info][application] $_GET = [
    'r' => 'site/signup'
]

$_POST = []

$_FILES = []

$_COOKIE = [
    'Phpstorm-c7f4252b' => 'dd0cf5da-cbef-48de-a2c3-353be3b55f14'
    '_identity' => 'c2b0c5735c0f0621153f32b287ab2b686a7e33583f6ec990fb09d7aa96524145a:2:{i:0;s:9:\"_identity\";i:1;s:28:\"[\"100\",\"test100key\",2592000]\";}'
    '_csrf' => 'cccbc261fa4d58b9f8caf0acdbb9de37575f366b8f38938876fc1ef3937a85d7a:2:{i:0;s:5:\"_csrf\";i:1;s:32:\"ij5KNQ3M9FGrZ7q7gEokmwYNAgwfrbbE\";}'
    'PHPSESSID' => 'u866khqn6a6n6nqek3d074tjb5'
    'advanced-frontend' => 'jkc3nkg5s40aif34m546lrvcjs'
    'advanced-backend' => 'imn13964ba2ueilrtgss571k0k'
    '_csrf-frontend' => '7a70ab73e63f75bd4ac7ba00cf37a9e552bd2180842d63472d6467c34046cceea:2:{i:0;s:14:\"_csrf-frontend\";i:1;s:32:\"VTsrXpJ5U8pLzV6Va6Su0rKdpLohLFlF\";}'
    '_csrf-backend' => 'e22425e7c503b3ca722bc9a8d3de5a4d04d5c1b1cd19cbeff0368072e85c0fc8a:2:{i:0;s:13:\"_csrf-backend\";i:1;s:32:\"GuKdN8CDIhHMdtFDGQd-nuYrJ5rSxukZ\";}'
]

$_SESSION = [
    '__flash' => []
]

$_SERVER = [
    'HTTP_HOST' => 'localhost'
    'HTTP_CONNECTION' => 'keep-alive'
    'HTTP_CACHE_CONTROL' => 'max-age=0'
    'HTTP_SEC_CH_UA' => '\"Chromium\";v=\"106\", \"Google Chrome\";v=\"106\", \"Not;A=Brand\";v=\"99\"'
    'HTTP_SEC_CH_UA_MOBILE' => '?0'
    'HTTP_SEC_CH_UA_PLATFORM' => '\"Windows\"'
    'HTTP_UPGRADE_INSECURE_REQUESTS' => '1'
    'HTTP_USER_AGENT' => 'Mozilla/5.0 (Windows NT 10.0; Win64; x64) AppleWebKit/537.36 (KHTML, like Gecko) Chrome/106.0.0.0 Safari/537.36'
    'HTTP_ACCEPT' => 'text/html,application/xhtml+xml,application/xml;q=0.9,image/avif,image/webp,image/apng,*/*;q=0.8,application/signed-exchange;v=b3;q=0.9'
    'HTTP_SEC_FETCH_SITE' => 'same-origin'
    'HTTP_SEC_FETCH_MODE' => 'navigate'
    'HTTP_SEC_FETCH_USER' => '?1'
    'HTTP_SEC_FETCH_DEST' => 'document'
    'HTTP_REFERER' => 'http://localhost/projeto/frontend/web/'
    'HTTP_ACCEPT_ENCODING' => 'gzip, deflate, br'
    'HTTP_ACCEPT_LANGUAGE' => 'pt-PT,pt;q=0.9,en-US;q=0.8,en;q=0.7'
    'HTTP_COOKIE' => 'Phpstorm-c7f4252b=dd0cf5da-cbef-48de-a2c3-353be3b55f14; _identity=c2b0c5735c0f0621153f32b287ab2b686a7e33583f6ec990fb09d7aa96524145a%3A2%3A%7Bi%3A0%3Bs%3A9%3A%22_identity%22%3Bi%3A1%3Bs%3A28%3A%22%5B%22100%22%2C%22test100key%22%2C2592000%5D%22%3B%7D; _csrf=cccbc261fa4d58b9f8caf0acdbb9de37575f366b8f38938876fc1ef3937a85d7a%3A2%3A%7Bi%3A0%3Bs%3A5%3A%22_csrf%22%3Bi%3A1%3Bs%3A32%3A%22ij5KNQ3M9FGrZ7q7gEokmwYNAgwfrbbE%22%3B%7D; PHPSESSID=u866khqn6a6n6nqek3d074tjb5; advanced-frontend=jkc3nkg5s40aif34m546lrvcjs; advanced-backend=imn13964ba2ueilrtgss571k0k; _csrf-frontend=7a70ab73e63f75bd4ac7ba00cf37a9e552bd2180842d63472d6467c34046cceea%3A2%3A%7Bi%3A0%3Bs%3A14%3A%22_csrf-frontend%22%3Bi%3A1%3Bs%3A32%3A%22VTsrXpJ5U8pLzV6Va6Su0rKdpLohLFlF%22%3B%7D; _csrf-backend=e22425e7c503b3ca722bc9a8d3de5a4d04d5c1b1cd19cbeff0368072e85c0fc8a%3A2%3A%7Bi%3A0%3Bs%3A13%3A%22_csrf-backend%22%3Bi%3A1%3Bs%3A32%3A%22GuKdN8CDIhHMdtFDGQd-nuYrJ5rSxukZ%22%3B%7D'
    'PATH' => 'C:\\Windows\\system32;C:\\Windows;C:\\Windows\\System32\\Wbem;C:\\Windows\\System32\\WindowsPowerShell\\v1.0\\;C:\\Windows\\System32\\OpenSSH\\;C:\\Program Files (x86)\\NVIDIA Corporation\\PhysX\\Common;C:\\Program Files\\NVIDIA Corporation\\NVIDIA NvDLISR;C:\\Program Files\\Microsoft SQL Server\\150\\Tools\\Binn\\;C:\\ProgramData\\ComposerSetup\\bin;C:\\Program Files\\Microsoft SQL Server\\Client SDK\\ODBC\\170\\Tools\\Binn\\;C:\\Program Files\\dotnet\\;C:\\Program Files\\nodejs\\;C:\\Program Files\\Git\\cmd;C:\\wamp64\\bin\\php\\php8.1.0;C:\\composer;C:\\Program Files\\Common Files\\Oracle\\Java\\javapath;C:\\Windows\\system32\\config\\systemprofile\\AppData\\Local\\Microsoft\\WindowsApps'
    'SystemRoot' => 'C:\\Windows'
    'COMSPEC' => 'C:\\Windows\\system32\\cmd.exe'
    'PATHEXT' => '.COM;.EXE;.BAT;.CMD;.VBS;.VBE;.JS;.JSE;.WSF;.WSH;.MSC'
    'WINDIR' => 'C:\\Windows'
    'SERVER_SIGNATURE' => '<address>Apache/2.4.51 (Win64) PHP/8.1.0 Server at localhost Port 80</address>
'
    'SERVER_SOFTWARE' => 'Apache/2.4.51 (Win64) PHP/8.1.0'
    'SERVER_NAME' => 'localhost'
    'SERVER_ADDR' => '::1'
    'SERVER_PORT' => '80'
    'REMOTE_ADDR' => '::1'
    'DOCUMENT_ROOT' => 'C:/wamp64/www'
    'REQUEST_SCHEME' => 'http'
    'CONTEXT_PREFIX' => ''
    'CONTEXT_DOCUMENT_ROOT' => 'C:/wamp64/www'
    'SERVER_ADMIN' => 'wampserver@wampserver.invalid'
    'SCRIPT_FILENAME' => 'C:/wamp64/www/projeto/frontend/web/index.php'
    'REMOTE_PORT' => '64878'
    'GATEWAY_INTERFACE' => 'CGI/1.1'
    'SERVER_PROTOCOL' => 'HTTP/1.1'
    'REQUEST_METHOD' => 'GET'
    'QUERY_STRING' => 'r=site%2Fsignup'
    'REQUEST_URI' => '/projeto/frontend/web/index.php?r=site%2Fsignup'
    'SCRIPT_NAME' => '/projeto/frontend/web/index.php'
    'PHP_SELF' => '/projeto/frontend/web/index.php'
    'REQUEST_TIME_FLOAT' => 1666627273.9946
    'REQUEST_TIME' => 1666627273
]
2022-10-24 16:12:39 [::1][-][jkc3nkg5s40aif34m546lrvcjs][error][yii\base\UnknownPropertyException] yii\base\UnknownPropertyException: Setting unknown property: yii\db\ActiveQuery::firstName in C:\wamp64\www\projeto\vendor\yiisoft\yii2\base\Component.php:209
Stack trace:
#0 C:\wamp64\www\projeto\frontend\models\SignupForm.php(81): yii\base\Component->__set('firstName', 'Filipe')
#1 C:\wamp64\www\projeto\frontend\controllers\SiteController.php(157): frontend\models\SignupForm->signup()
#2 [internal function]: frontend\controllers\SiteController->actionSignup()
#3 C:\wamp64\www\projeto\vendor\yiisoft\yii2\base\InlineAction.php(57): call_user_func_array(Array, Array)
#4 C:\wamp64\www\projeto\vendor\yiisoft\yii2\base\Controller.php(178): yii\base\InlineAction->runWithParams(Array)
#5 C:\wamp64\www\projeto\vendor\yiisoft\yii2\base\Module.php(552): yii\base\Controller->runAction('signup', Array)
#6 C:\wamp64\www\projeto\vendor\yiisoft\yii2\web\Application.php(103): yii\base\Module->runAction('site/signup', Array)
#7 C:\wamp64\www\projeto\vendor\yiisoft\yii2\base\Application.php(384): yii\web\Application->handleRequest(Object(yii\web\Request))
#8 C:\wamp64\www\projeto\frontend\web\index.php(18): yii\base\Application->run()
#9 {main}
2022-10-24 16:12:39 [::1][-][jkc3nkg5s40aif34m546lrvcjs][info][application] $_GET = [
    'r' => 'site/signup'
]

$_POST = [
    '_csrf-frontend' => '1U84p-dIA19eQcFXWAE7JZRzOtXQSS_cA3KzeAn3YjGDG0vVvzhJagt5sRsiVw1z9UVpoOA7ZLhzPtwQRbEOdw=='
    'SignupForm' => [
        'username' => 'filipe'
        'password' => '12345678'
        'email' => '2211921@my.ipleiria.pt'
        'firstName' => 'Filipe'
        'lastName' => 'Marques'
        'telemovel' => '913194666'
        'morada' => 'Leiria, rua xpto'
    ]
    'signup-button' => ''
]

$_FILES = []

$_COOKIE = [
    'Phpstorm-c7f4252b' => 'dd0cf5da-cbef-48de-a2c3-353be3b55f14'
    '_identity' => 'c2b0c5735c0f0621153f32b287ab2b686a7e33583f6ec990fb09d7aa96524145a:2:{i:0;s:9:\"_identity\";i:1;s:28:\"[\"100\",\"test100key\",2592000]\";}'
    '_csrf' => 'cccbc261fa4d58b9f8caf0acdbb9de37575f366b8f38938876fc1ef3937a85d7a:2:{i:0;s:5:\"_csrf\";i:1;s:32:\"ij5KNQ3M9FGrZ7q7gEokmwYNAgwfrbbE\";}'
    'PHPSESSID' => 'u866khqn6a6n6nqek3d074tjb5'
    'advanced-frontend' => 'jkc3nkg5s40aif34m546lrvcjs'
    'advanced-backend' => 'imn13964ba2ueilrtgss571k0k'
    '_csrf-frontend' => '7a70ab73e63f75bd4ac7ba00cf37a9e552bd2180842d63472d6467c34046cceea:2:{i:0;s:14:\"_csrf-frontend\";i:1;s:32:\"VTsrXpJ5U8pLzV6Va6Su0rKdpLohLFlF\";}'
    '_csrf-backend' => 'e22425e7c503b3ca722bc9a8d3de5a4d04d5c1b1cd19cbeff0368072e85c0fc8a:2:{i:0;s:13:\"_csrf-backend\";i:1;s:32:\"GuKdN8CDIhHMdtFDGQd-nuYrJ5rSxukZ\";}'
]

$_SESSION = [
    '__flash' => []
]

$_SERVER = [
    'HTTP_HOST' => 'localhost'
    'HTTP_CONNECTION' => 'keep-alive'
    'CONTENT_LENGTH' => '379'
    'HTTP_CACHE_CONTROL' => 'max-age=0'
    'HTTP_SEC_CH_UA' => '\"Chromium\";v=\"106\", \"Google Chrome\";v=\"106\", \"Not;A=Brand\";v=\"99\"'
    'HTTP_SEC_CH_UA_MOBILE' => '?0'
    'HTTP_SEC_CH_UA_PLATFORM' => '\"Windows\"'
    'HTTP_UPGRADE_INSECURE_REQUESTS' => '1'
    'HTTP_ORIGIN' => 'http://localhost'
    'CONTENT_TYPE' => 'application/x-www-form-urlencoded'
    'HTTP_USER_AGENT' => 'Mozilla/5.0 (Windows NT 10.0; Win64; x64) AppleWebKit/537.36 (KHTML, like Gecko) Chrome/106.0.0.0 Safari/537.36'
    'HTTP_ACCEPT' => 'text/html,application/xhtml+xml,application/xml;q=0.9,image/avif,image/webp,image/apng,*/*;q=0.8,application/signed-exchange;v=b3;q=0.9'
    'HTTP_SEC_FETCH_SITE' => 'same-origin'
    'HTTP_SEC_FETCH_MODE' => 'navigate'
    'HTTP_SEC_FETCH_USER' => '?1'
    'HTTP_SEC_FETCH_DEST' => 'document'
    'HTTP_REFERER' => 'http://localhost/projeto/frontend/web/index.php?r=site%2Fsignup'
    'HTTP_ACCEPT_ENCODING' => 'gzip, deflate, br'
    'HTTP_ACCEPT_LANGUAGE' => 'pt-PT,pt;q=0.9,en-US;q=0.8,en;q=0.7'
    'HTTP_COOKIE' => 'Phpstorm-c7f4252b=dd0cf5da-cbef-48de-a2c3-353be3b55f14; _identity=c2b0c5735c0f0621153f32b287ab2b686a7e33583f6ec990fb09d7aa96524145a%3A2%3A%7Bi%3A0%3Bs%3A9%3A%22_identity%22%3Bi%3A1%3Bs%3A28%3A%22%5B%22100%22%2C%22test100key%22%2C2592000%5D%22%3B%7D; _csrf=cccbc261fa4d58b9f8caf0acdbb9de37575f366b8f38938876fc1ef3937a85d7a%3A2%3A%7Bi%3A0%3Bs%3A5%3A%22_csrf%22%3Bi%3A1%3Bs%3A32%3A%22ij5KNQ3M9FGrZ7q7gEokmwYNAgwfrbbE%22%3B%7D; PHPSESSID=u866khqn6a6n6nqek3d074tjb5; advanced-frontend=jkc3nkg5s40aif34m546lrvcjs; advanced-backend=imn13964ba2ueilrtgss571k0k; _csrf-frontend=7a70ab73e63f75bd4ac7ba00cf37a9e552bd2180842d63472d6467c34046cceea%3A2%3A%7Bi%3A0%3Bs%3A14%3A%22_csrf-frontend%22%3Bi%3A1%3Bs%3A32%3A%22VTsrXpJ5U8pLzV6Va6Su0rKdpLohLFlF%22%3B%7D; _csrf-backend=e22425e7c503b3ca722bc9a8d3de5a4d04d5c1b1cd19cbeff0368072e85c0fc8a%3A2%3A%7Bi%3A0%3Bs%3A13%3A%22_csrf-backend%22%3Bi%3A1%3Bs%3A32%3A%22GuKdN8CDIhHMdtFDGQd-nuYrJ5rSxukZ%22%3B%7D'
    'PATH' => 'C:\\Windows\\system32;C:\\Windows;C:\\Windows\\System32\\Wbem;C:\\Windows\\System32\\WindowsPowerShell\\v1.0\\;C:\\Windows\\System32\\OpenSSH\\;C:\\Program Files (x86)\\NVIDIA Corporation\\PhysX\\Common;C:\\Program Files\\NVIDIA Corporation\\NVIDIA NvDLISR;C:\\Program Files\\Microsoft SQL Server\\150\\Tools\\Binn\\;C:\\ProgramData\\ComposerSetup\\bin;C:\\Program Files\\Microsoft SQL Server\\Client SDK\\ODBC\\170\\Tools\\Binn\\;C:\\Program Files\\dotnet\\;C:\\Program Files\\nodejs\\;C:\\Program Files\\Git\\cmd;C:\\wamp64\\bin\\php\\php8.1.0;C:\\composer;C:\\Program Files\\Common Files\\Oracle\\Java\\javapath;C:\\Windows\\system32\\config\\systemprofile\\AppData\\Local\\Microsoft\\WindowsApps'
    'SystemRoot' => 'C:\\Windows'
    'COMSPEC' => 'C:\\Windows\\system32\\cmd.exe'
    'PATHEXT' => '.COM;.EXE;.BAT;.CMD;.VBS;.VBE;.JS;.JSE;.WSF;.WSH;.MSC'
    'WINDIR' => 'C:\\Windows'
    'SERVER_SIGNATURE' => '<address>Apache/2.4.51 (Win64) PHP/8.1.0 Server at localhost Port 80</address>
'
    'SERVER_SOFTWARE' => 'Apache/2.4.51 (Win64) PHP/8.1.0'
    'SERVER_NAME' => 'localhost'
    'SERVER_ADDR' => '::1'
    'SERVER_PORT' => '80'
    'REMOTE_ADDR' => '::1'
    'DOCUMENT_ROOT' => 'C:/wamp64/www'
    'REQUEST_SCHEME' => 'http'
    'CONTEXT_PREFIX' => ''
    'CONTEXT_DOCUMENT_ROOT' => 'C:/wamp64/www'
    'SERVER_ADMIN' => 'wampserver@wampserver.invalid'
    'SCRIPT_FILENAME' => 'C:/wamp64/www/projeto/frontend/web/index.php'
    'REMOTE_PORT' => '62273'
    'GATEWAY_INTERFACE' => 'CGI/1.1'
    'SERVER_PROTOCOL' => 'HTTP/1.1'
    'REQUEST_METHOD' => 'POST'
    'QUERY_STRING' => 'r=site%2Fsignup'
    'REQUEST_URI' => '/projeto/frontend/web/index.php?r=site%2Fsignup'
    'SCRIPT_NAME' => '/projeto/frontend/web/index.php'
    'PHP_SELF' => '/projeto/frontend/web/index.php'
    'REQUEST_TIME_FLOAT' => 1666627959.277
    'REQUEST_TIME' => 1666627959
]
2022-10-24 16:29:09 [::1][2][s036ai127m2224nnlt60a0afhh][error][yii\base\UnknownPropertyException] yii\base\UnknownPropertyException: Getting unknown property: yii\db\ActiveQuery::firstName in C:\wamp64\www\projeto\vendor\yiisoft\yii2\base\Component.php:154
Stack trace:
#0 C:\wamp64\www\projeto\frontend\views\layouts\main.php(56): yii\base\Component->__get('firstName')
#1 C:\wamp64\www\projeto\vendor\yiisoft\yii2\base\View.php(347): require('C:\\wamp64\\www\\p...')
#2 C:\wamp64\www\projeto\vendor\yiisoft\yii2\base\View.php(257): yii\base\View->renderPhpFile('C:\\wamp64\\www\\p...', Array)
#3 C:\wamp64\www\projeto\vendor\yiisoft\yii2\base\Controller.php(422): yii\base\View->renderFile('C:\\wamp64\\www\\p...', Array, Object(frontend\controllers\SiteController))
#4 C:\wamp64\www\projeto\vendor\yiisoft\yii2\base\Controller.php(408): yii\base\Controller->renderContent('<div class="sit...')
#5 C:\wamp64\www\projeto\frontend\controllers\SiteController.php(78): yii\base\Controller->render('index')
#6 [internal function]: frontend\controllers\SiteController->actionIndex()
#7 C:\wamp64\www\projeto\vendor\yiisoft\yii2\base\InlineAction.php(57): call_user_func_array(Array, Array)
#8 C:\wamp64\www\projeto\vendor\yiisoft\yii2\base\Controller.php(178): yii\base\InlineAction->runWithParams(Array)
#9 C:\wamp64\www\projeto\vendor\yiisoft\yii2\base\Module.php(552): yii\base\Controller->runAction('', Array)
#10 C:\wamp64\www\projeto\vendor\yiisoft\yii2\web\Application.php(103): yii\base\Module->runAction('', Array)
#11 C:\wamp64\www\projeto\vendor\yiisoft\yii2\base\Application.php(384): yii\web\Application->handleRequest(Object(yii\web\Request))
#12 C:\wamp64\www\projeto\frontend\web\index.php(18): yii\base\Application->run()
#13 {main}
2022-10-24 16:29:08 [::1][2][s036ai127m2224nnlt60a0afhh][info][application] $_GET = []

$_POST = []

$_FILES = []

$_COOKIE = [
    'Phpstorm-c7f4252b' => 'dd0cf5da-cbef-48de-a2c3-353be3b55f14'
    '_identity' => 'c2b0c5735c0f0621153f32b287ab2b686a7e33583f6ec990fb09d7aa96524145a:2:{i:0;s:9:\"_identity\";i:1;s:28:\"[\"100\",\"test100key\",2592000]\";}'
    '_csrf' => 'cccbc261fa4d58b9f8caf0acdbb9de37575f366b8f38938876fc1ef3937a85d7a:2:{i:0;s:5:\"_csrf\";i:1;s:32:\"ij5KNQ3M9FGrZ7q7gEokmwYNAgwfrbbE\";}'
    'PHPSESSID' => 'u866khqn6a6n6nqek3d074tjb5'
    'advanced-backend' => 'bfteohaqh5sqi3rf3cuhd3pfnv'
    '_identity-backend' => '018ab71fc74cdba492dc335a612e4af4eeeec4b9b614fdacca47b3020c122003a:2:{i:0;s:17:\"_identity-backend\";i:1;s:46:\"[2,\"_oVLJx1e57o4v2zRJyi5kA1ZBRa54wYL\",2592000]\";}'
    '_csrf-backend' => 'c8abcc0a79ac5bc339557240b67e9096a1533a9cd55399b2a3fbb0bb893a6f7ea:2:{i:0;s:13:\"_csrf-backend\";i:1;s:32:\"9nXLJ5SyIm4YuPxyZHc0fbNu1qMbrHZb\";}'
    'advanced-frontend' => 's036ai127m2224nnlt60a0afhh'
    '_identity-frontend' => '5c1a676edd81cf24f89a026c6ec3393375977dc2743c97fca05332714f9a9dffa:2:{i:0;s:18:\"_identity-frontend\";i:1;s:46:\"[2,\"_oVLJx1e57o4v2zRJyi5kA1ZBRa54wYL\",2592000]\";}'
    '_csrf-frontend' => '9591f858c813f40dc16759f6a33e25e70a5eb16b5cdf909a209da525ef9851c4a:2:{i:0;s:14:\"_csrf-frontend\";i:1;s:32:\"pmEXoQ27n9B7hezNZCnPA8sJHyplAMKx\";}'
]

$_SESSION = [
    '__flash' => []
    '__id' => 2
    '__authKey' => '_oVLJx1e57o4v2zRJyi5kA1ZBRa54wYL'
]

$_SERVER = [
    'HTTP_HOST' => 'localhost'
    'HTTP_CONNECTION' => 'keep-alive'
    'HTTP_CACHE_CONTROL' => 'max-age=0'
    'HTTP_UPGRADE_INSECURE_REQUESTS' => '1'
    'HTTP_USER_AGENT' => 'Mozilla/5.0 (Windows NT 10.0; Win64; x64) AppleWebKit/537.36 (KHTML, like Gecko) Chrome/106.0.0.0 Safari/537.36'
    'HTTP_ACCEPT' => 'text/html,application/xhtml+xml,application/xml;q=0.9,image/avif,image/webp,image/apng,*/*;q=0.8,application/signed-exchange;v=b3;q=0.9'
    'HTTP_SEC_FETCH_SITE' => 'same-origin'
    'HTTP_SEC_FETCH_MODE' => 'navigate'
    'HTTP_SEC_FETCH_USER' => '?1'
    'HTTP_SEC_FETCH_DEST' => 'document'
    'HTTP_SEC_CH_UA' => '\"Chromium\";v=\"106\", \"Google Chrome\";v=\"106\", \"Not;A=Brand\";v=\"99\"'
    'HTTP_SEC_CH_UA_MOBILE' => '?0'
    'HTTP_SEC_CH_UA_PLATFORM' => '\"Windows\"'
    'HTTP_REFERER' => 'http://localhost/projeto/frontend/web/index.php?r=site%2Flogin'
    'HTTP_ACCEPT_ENCODING' => 'gzip, deflate, br'
    'HTTP_ACCEPT_LANGUAGE' => 'pt-PT,pt;q=0.9,en-US;q=0.8,en;q=0.7'
    'HTTP_COOKIE' => 'Phpstorm-c7f4252b=dd0cf5da-cbef-48de-a2c3-353be3b55f14; _identity=c2b0c5735c0f0621153f32b287ab2b686a7e33583f6ec990fb09d7aa96524145a%3A2%3A%7Bi%3A0%3Bs%3A9%3A%22_identity%22%3Bi%3A1%3Bs%3A28%3A%22%5B%22100%22%2C%22test100key%22%2C2592000%5D%22%3B%7D; _csrf=cccbc261fa4d58b9f8caf0acdbb9de37575f366b8f38938876fc1ef3937a85d7a%3A2%3A%7Bi%3A0%3Bs%3A5%3A%22_csrf%22%3Bi%3A1%3Bs%3A32%3A%22ij5KNQ3M9FGrZ7q7gEokmwYNAgwfrbbE%22%3B%7D; PHPSESSID=u866khqn6a6n6nqek3d074tjb5; advanced-backend=bfteohaqh5sqi3rf3cuhd3pfnv; _identity-backend=018ab71fc74cdba492dc335a612e4af4eeeec4b9b614fdacca47b3020c122003a%3A2%3A%7Bi%3A0%3Bs%3A17%3A%22_identity-backend%22%3Bi%3A1%3Bs%3A46%3A%22%5B2%2C%22_oVLJx1e57o4v2zRJyi5kA1ZBRa54wYL%22%2C2592000%5D%22%3B%7D; _csrf-backend=c8abcc0a79ac5bc339557240b67e9096a1533a9cd55399b2a3fbb0bb893a6f7ea%3A2%3A%7Bi%3A0%3Bs%3A13%3A%22_csrf-backend%22%3Bi%3A1%3Bs%3A32%3A%229nXLJ5SyIm4YuPxyZHc0fbNu1qMbrHZb%22%3B%7D; advanced-frontend=s036ai127m2224nnlt60a0afhh; _identity-frontend=5c1a676edd81cf24f89a026c6ec3393375977dc2743c97fca05332714f9a9dffa%3A2%3A%7Bi%3A0%3Bs%3A18%3A%22_identity-frontend%22%3Bi%3A1%3Bs%3A46%3A%22%5B2%2C%22_oVLJx1e57o4v2zRJyi5kA1ZBRa54wYL%22%2C2592000%5D%22%3B%7D; _csrf-frontend=9591f858c813f40dc16759f6a33e25e70a5eb16b5cdf909a209da525ef9851c4a%3A2%3A%7Bi%3A0%3Bs%3A14%3A%22_csrf-frontend%22%3Bi%3A1%3Bs%3A32%3A%22pmEXoQ27n9B7hezNZCnPA8sJHyplAMKx%22%3B%7D'
    'PATH' => 'C:\\Windows\\system32;C:\\Windows;C:\\Windows\\System32\\Wbem;C:\\Windows\\System32\\WindowsPowerShell\\v1.0\\;C:\\Windows\\System32\\OpenSSH\\;C:\\Program Files (x86)\\NVIDIA Corporation\\PhysX\\Common;C:\\Program Files\\NVIDIA Corporation\\NVIDIA NvDLISR;C:\\Program Files\\Microsoft SQL Server\\150\\Tools\\Binn\\;C:\\ProgramData\\ComposerSetup\\bin;C:\\Program Files\\Microsoft SQL Server\\Client SDK\\ODBC\\170\\Tools\\Binn\\;C:\\Program Files\\dotnet\\;C:\\Program Files\\nodejs\\;C:\\Program Files\\Git\\cmd;C:\\wamp64\\bin\\php\\php8.1.0;C:\\composer;C:\\Program Files\\Common Files\\Oracle\\Java\\javapath;C:\\Windows\\system32\\config\\systemprofile\\AppData\\Local\\Microsoft\\WindowsApps'
    'SystemRoot' => 'C:\\Windows'
    'COMSPEC' => 'C:\\Windows\\system32\\cmd.exe'
    'PATHEXT' => '.COM;.EXE;.BAT;.CMD;.VBS;.VBE;.JS;.JSE;.WSF;.WSH;.MSC'
    'WINDIR' => 'C:\\Windows'
    'SERVER_SIGNATURE' => '<address>Apache/2.4.51 (Win64) PHP/8.1.0 Server at localhost Port 80</address>
'
    'SERVER_SOFTWARE' => 'Apache/2.4.51 (Win64) PHP/8.1.0'
    'SERVER_NAME' => 'localhost'
    'SERVER_ADDR' => '::1'
    'SERVER_PORT' => '80'
    'REMOTE_ADDR' => '::1'
    'DOCUMENT_ROOT' => 'C:/wamp64/www'
    'REQUEST_SCHEME' => 'http'
    'CONTEXT_PREFIX' => ''
    'CONTEXT_DOCUMENT_ROOT' => 'C:/wamp64/www'
    'SERVER_ADMIN' => 'wampserver@wampserver.invalid'
    'SCRIPT_FILENAME' => 'C:/wamp64/www/projeto/frontend/web/index.php'
    'REMOTE_PORT' => '63199'
    'GATEWAY_INTERFACE' => 'CGI/1.1'
    'SERVER_PROTOCOL' => 'HTTP/1.1'
    'REQUEST_METHOD' => 'GET'
    'QUERY_STRING' => ''
    'REQUEST_URI' => '/projeto/frontend/web/index.php'
    'SCRIPT_NAME' => '/projeto/frontend/web/index.php'
    'PHP_SELF' => '/projeto/frontend/web/index.php'
    'REQUEST_TIME_FLOAT' => 1666628948.9788
    'REQUEST_TIME' => 1666628948
]
2022-10-24 16:29:14 [::1][2][s036ai127m2224nnlt60a0afhh][error][yii\base\UnknownPropertyException] yii\base\UnknownPropertyException: Getting unknown property: common\models\User::firstName in C:\wamp64\www\projeto\vendor\yiisoft\yii2\base\Component.php:154
Stack trace:
#0 C:\wamp64\www\projeto\vendor\yiisoft\yii2\db\BaseActiveRecord.php(296): yii\base\Component->__get('firstName')
#1 C:\wamp64\www\projeto\frontend\views\layouts\main.php(56): yii\db\BaseActiveRecord->__get('firstName')
#2 C:\wamp64\www\projeto\vendor\yiisoft\yii2\base\View.php(347): require('C:\\wamp64\\www\\p...')
#3 C:\wamp64\www\projeto\vendor\yiisoft\yii2\base\View.php(257): yii\base\View->renderPhpFile('C:\\wamp64\\www\\p...', Array)
#4 C:\wamp64\www\projeto\vendor\yiisoft\yii2\base\Controller.php(422): yii\base\View->renderFile('C:\\wamp64\\www\\p...', Array, Object(frontend\controllers\SiteController))
#5 C:\wamp64\www\projeto\vendor\yiisoft\yii2\base\Controller.php(408): yii\base\Controller->renderContent('<div class="sit...')
#6 C:\wamp64\www\projeto\frontend\controllers\SiteController.php(78): yii\base\Controller->render('index')
#7 [internal function]: frontend\controllers\SiteController->actionIndex()
#8 C:\wamp64\www\projeto\vendor\yiisoft\yii2\base\InlineAction.php(57): call_user_func_array(Array, Array)
#9 C:\wamp64\www\projeto\vendor\yiisoft\yii2\base\Controller.php(178): yii\base\InlineAction->runWithParams(Array)
#10 C:\wamp64\www\projeto\vendor\yiisoft\yii2\base\Module.php(552): yii\base\Controller->runAction('', Array)
#11 C:\wamp64\www\projeto\vendor\yiisoft\yii2\web\Application.php(103): yii\base\Module->runAction('', Array)
#12 C:\wamp64\www\projeto\vendor\yiisoft\yii2\base\Application.php(384): yii\web\Application->handleRequest(Object(yii\web\Request))
#13 C:\wamp64\www\projeto\frontend\web\index.php(18): yii\base\Application->run()
#14 {main}
2022-10-24 16:29:14 [::1][2][s036ai127m2224nnlt60a0afhh][info][application] $_GET = []

$_POST = []

$_FILES = []

$_COOKIE = [
    'Phpstorm-c7f4252b' => 'dd0cf5da-cbef-48de-a2c3-353be3b55f14'
    '_identity' => 'c2b0c5735c0f0621153f32b287ab2b686a7e33583f6ec990fb09d7aa96524145a:2:{i:0;s:9:\"_identity\";i:1;s:28:\"[\"100\",\"test100key\",2592000]\";}'
    '_csrf' => 'cccbc261fa4d58b9f8caf0acdbb9de37575f366b8f38938876fc1ef3937a85d7a:2:{i:0;s:5:\"_csrf\";i:1;s:32:\"ij5KNQ3M9FGrZ7q7gEokmwYNAgwfrbbE\";}'
    'PHPSESSID' => 'u866khqn6a6n6nqek3d074tjb5'
    'advanced-backend' => 'bfteohaqh5sqi3rf3cuhd3pfnv'
    '_identity-backend' => '018ab71fc74cdba492dc335a612e4af4eeeec4b9b614fdacca47b3020c122003a:2:{i:0;s:17:\"_identity-backend\";i:1;s:46:\"[2,\"_oVLJx1e57o4v2zRJyi5kA1ZBRa54wYL\",2592000]\";}'
    '_csrf-backend' => 'c8abcc0a79ac5bc339557240b67e9096a1533a9cd55399b2a3fbb0bb893a6f7ea:2:{i:0;s:13:\"_csrf-backend\";i:1;s:32:\"9nXLJ5SyIm4YuPxyZHc0fbNu1qMbrHZb\";}'
    'advanced-frontend' => 's036ai127m2224nnlt60a0afhh'
    '_identity-frontend' => '5c1a676edd81cf24f89a026c6ec3393375977dc2743c97fca05332714f9a9dffa:2:{i:0;s:18:\"_identity-frontend\";i:1;s:46:\"[2,\"_oVLJx1e57o4v2zRJyi5kA1ZBRa54wYL\",2592000]\";}'
    '_csrf-frontend' => '9591f858c813f40dc16759f6a33e25e70a5eb16b5cdf909a209da525ef9851c4a:2:{i:0;s:14:\"_csrf-frontend\";i:1;s:32:\"pmEXoQ27n9B7hezNZCnPA8sJHyplAMKx\";}'
]

$_SESSION = [
    '__flash' => []
    '__id' => 2
    '__authKey' => '_oVLJx1e57o4v2zRJyi5kA1ZBRa54wYL'
]

$_SERVER = [
    'HTTP_HOST' => 'localhost'
    'HTTP_CONNECTION' => 'keep-alive'
    'HTTP_CACHE_CONTROL' => 'max-age=0'
    'HTTP_SEC_CH_UA' => '\"Chromium\";v=\"106\", \"Google Chrome\";v=\"106\", \"Not;A=Brand\";v=\"99\"'
    'HTTP_SEC_CH_UA_MOBILE' => '?0'
    'HTTP_SEC_CH_UA_PLATFORM' => '\"Windows\"'
    'HTTP_UPGRADE_INSECURE_REQUESTS' => '1'
    'HTTP_USER_AGENT' => 'Mozilla/5.0 (Windows NT 10.0; Win64; x64) AppleWebKit/537.36 (KHTML, like Gecko) Chrome/106.0.0.0 Safari/537.36'
    'HTTP_ACCEPT' => 'text/html,application/xhtml+xml,application/xml;q=0.9,image/avif,image/webp,image/apng,*/*;q=0.8,application/signed-exchange;v=b3;q=0.9'
    'HTTP_SEC_FETCH_SITE' => 'same-origin'
    'HTTP_SEC_FETCH_MODE' => 'navigate'
    'HTTP_SEC_FETCH_USER' => '?1'
    'HTTP_SEC_FETCH_DEST' => 'document'
    'HTTP_REFERER' => 'http://localhost/projeto/frontend/web/index.php?r=site%2Flogin'
    'HTTP_ACCEPT_ENCODING' => 'gzip, deflate, br'
    'HTTP_ACCEPT_LANGUAGE' => 'pt-PT,pt;q=0.9,en-US;q=0.8,en;q=0.7'
    'HTTP_COOKIE' => 'Phpstorm-c7f4252b=dd0cf5da-cbef-48de-a2c3-353be3b55f14; _identity=c2b0c5735c0f0621153f32b287ab2b686a7e33583f6ec990fb09d7aa96524145a%3A2%3A%7Bi%3A0%3Bs%3A9%3A%22_identity%22%3Bi%3A1%3Bs%3A28%3A%22%5B%22100%22%2C%22test100key%22%2C2592000%5D%22%3B%7D; _csrf=cccbc261fa4d58b9f8caf0acdbb9de37575f366b8f38938876fc1ef3937a85d7a%3A2%3A%7Bi%3A0%3Bs%3A5%3A%22_csrf%22%3Bi%3A1%3Bs%3A32%3A%22ij5KNQ3M9FGrZ7q7gEokmwYNAgwfrbbE%22%3B%7D; PHPSESSID=u866khqn6a6n6nqek3d074tjb5; advanced-backend=bfteohaqh5sqi3rf3cuhd3pfnv; _identity-backend=018ab71fc74cdba492dc335a612e4af4eeeec4b9b614fdacca47b3020c122003a%3A2%3A%7Bi%3A0%3Bs%3A17%3A%22_identity-backend%22%3Bi%3A1%3Bs%3A46%3A%22%5B2%2C%22_oVLJx1e57o4v2zRJyi5kA1ZBRa54wYL%22%2C2592000%5D%22%3B%7D; _csrf-backend=c8abcc0a79ac5bc339557240b67e9096a1533a9cd55399b2a3fbb0bb893a6f7ea%3A2%3A%7Bi%3A0%3Bs%3A13%3A%22_csrf-backend%22%3Bi%3A1%3Bs%3A32%3A%229nXLJ5SyIm4YuPxyZHc0fbNu1qMbrHZb%22%3B%7D; advanced-frontend=s036ai127m2224nnlt60a0afhh; _identity-frontend=5c1a676edd81cf24f89a026c6ec3393375977dc2743c97fca05332714f9a9dffa%3A2%3A%7Bi%3A0%3Bs%3A18%3A%22_identity-frontend%22%3Bi%3A1%3Bs%3A46%3A%22%5B2%2C%22_oVLJx1e57o4v2zRJyi5kA1ZBRa54wYL%22%2C2592000%5D%22%3B%7D; _csrf-frontend=9591f858c813f40dc16759f6a33e25e70a5eb16b5cdf909a209da525ef9851c4a%3A2%3A%7Bi%3A0%3Bs%3A14%3A%22_csrf-frontend%22%3Bi%3A1%3Bs%3A32%3A%22pmEXoQ27n9B7hezNZCnPA8sJHyplAMKx%22%3B%7D'
    'PATH' => 'C:\\Windows\\system32;C:\\Windows;C:\\Windows\\System32\\Wbem;C:\\Windows\\System32\\WindowsPowerShell\\v1.0\\;C:\\Windows\\System32\\OpenSSH\\;C:\\Program Files (x86)\\NVIDIA Corporation\\PhysX\\Common;C:\\Program Files\\NVIDIA Corporation\\NVIDIA NvDLISR;C:\\Program Files\\Microsoft SQL Server\\150\\Tools\\Binn\\;C:\\ProgramData\\ComposerSetup\\bin;C:\\Program Files\\Microsoft SQL Server\\Client SDK\\ODBC\\170\\Tools\\Binn\\;C:\\Program Files\\dotnet\\;C:\\Program Files\\nodejs\\;C:\\Program Files\\Git\\cmd;C:\\wamp64\\bin\\php\\php8.1.0;C:\\composer;C:\\Program Files\\Common Files\\Oracle\\Java\\javapath;C:\\Windows\\system32\\config\\systemprofile\\AppData\\Local\\Microsoft\\WindowsApps'
    'SystemRoot' => 'C:\\Windows'
    'COMSPEC' => 'C:\\Windows\\system32\\cmd.exe'
    'PATHEXT' => '.COM;.EXE;.BAT;.CMD;.VBS;.VBE;.JS;.JSE;.WSF;.WSH;.MSC'
    'WINDIR' => 'C:\\Windows'
    'SERVER_SIGNATURE' => '<address>Apache/2.4.51 (Win64) PHP/8.1.0 Server at localhost Port 80</address>
'
    'SERVER_SOFTWARE' => 'Apache/2.4.51 (Win64) PHP/8.1.0'
    'SERVER_NAME' => 'localhost'
    'SERVER_ADDR' => '::1'
    'SERVER_PORT' => '80'
    'REMOTE_ADDR' => '::1'
    'DOCUMENT_ROOT' => 'C:/wamp64/www'
    'REQUEST_SCHEME' => 'http'
    'CONTEXT_PREFIX' => ''
    'CONTEXT_DOCUMENT_ROOT' => 'C:/wamp64/www'
    'SERVER_ADMIN' => 'wampserver@wampserver.invalid'
    'SCRIPT_FILENAME' => 'C:/wamp64/www/projeto/frontend/web/index.php'
    'REMOTE_PORT' => '63206'
    'GATEWAY_INTERFACE' => 'CGI/1.1'
    'SERVER_PROTOCOL' => 'HTTP/1.1'
    'REQUEST_METHOD' => 'GET'
    'QUERY_STRING' => ''
    'REQUEST_URI' => '/projeto/frontend/web/index.php'
    'SCRIPT_NAME' => '/projeto/frontend/web/index.php'
    'PHP_SELF' => '/projeto/frontend/web/index.php'
    'REQUEST_TIME_FLOAT' => 1666628954.6946
    'REQUEST_TIME' => 1666628954
]
2022-10-24 16:32:10 [::1][2][s036ai127m2224nnlt60a0afhh][error][yii\base\InvalidArgumentException] yii\base\InvalidArgumentException: Relation names are case sensitive. common\models\User has a relation named "userdata" instead of "userData". in C:\wamp64\www\projeto\vendor\yiisoft\yii2\db\ActiveRelationTrait.php:182
Stack trace:
#0 C:\wamp64\www\projeto\vendor\yiisoft\yii2\db\BaseActiveRecord.php(299): yii\db\ActiveQuery->findFor('userData', Object(common\models\User))
#1 C:\wamp64\www\projeto\frontend\views\layouts\main.php(56): yii\db\BaseActiveRecord->__get('userData')
#2 C:\wamp64\www\projeto\vendor\yiisoft\yii2\base\View.php(347): require('C:\\wamp64\\www\\p...')
#3 C:\wamp64\www\projeto\vendor\yiisoft\yii2\base\View.php(257): yii\base\View->renderPhpFile('C:\\wamp64\\www\\p...', Array)
#4 C:\wamp64\www\projeto\vendor\yiisoft\yii2\base\Controller.php(422): yii\base\View->renderFile('C:\\wamp64\\www\\p...', Array, Object(frontend\controllers\SiteController))
#5 C:\wamp64\www\projeto\vendor\yiisoft\yii2\base\Controller.php(408): yii\base\Controller->renderContent('<div class="sit...')
#6 C:\wamp64\www\projeto\frontend\controllers\SiteController.php(78): yii\base\Controller->render('index')
#7 [internal function]: frontend\controllers\SiteController->actionIndex()
#8 C:\wamp64\www\projeto\vendor\yiisoft\yii2\base\InlineAction.php(57): call_user_func_array(Array, Array)
#9 C:\wamp64\www\projeto\vendor\yiisoft\yii2\base\Controller.php(178): yii\base\InlineAction->runWithParams(Array)
#10 C:\wamp64\www\projeto\vendor\yiisoft\yii2\base\Module.php(552): yii\base\Controller->runAction('', Array)
#11 C:\wamp64\www\projeto\vendor\yiisoft\yii2\web\Application.php(103): yii\base\Module->runAction('', Array)
#12 C:\wamp64\www\projeto\vendor\yiisoft\yii2\base\Application.php(384): yii\web\Application->handleRequest(Object(yii\web\Request))
#13 C:\wamp64\www\projeto\frontend\web\index.php(18): yii\base\Application->run()
#14 {main}
2022-10-24 16:32:10 [::1][2][s036ai127m2224nnlt60a0afhh][info][application] $_GET = []

$_POST = []

$_FILES = []

$_COOKIE = [
    'Phpstorm-c7f4252b' => 'dd0cf5da-cbef-48de-a2c3-353be3b55f14'
    '_identity' => 'c2b0c5735c0f0621153f32b287ab2b686a7e33583f6ec990fb09d7aa96524145a:2:{i:0;s:9:\"_identity\";i:1;s:28:\"[\"100\",\"test100key\",2592000]\";}'
    '_csrf' => 'cccbc261fa4d58b9f8caf0acdbb9de37575f366b8f38938876fc1ef3937a85d7a:2:{i:0;s:5:\"_csrf\";i:1;s:32:\"ij5KNQ3M9FGrZ7q7gEokmwYNAgwfrbbE\";}'
    'PHPSESSID' => 'u866khqn6a6n6nqek3d074tjb5'
    'advanced-backend' => 'bfteohaqh5sqi3rf3cuhd3pfnv'
    '_identity-backend' => '018ab71fc74cdba492dc335a612e4af4eeeec4b9b614fdacca47b3020c122003a:2:{i:0;s:17:\"_identity-backend\";i:1;s:46:\"[2,\"_oVLJx1e57o4v2zRJyi5kA1ZBRa54wYL\",2592000]\";}'
    '_csrf-backend' => 'c8abcc0a79ac5bc339557240b67e9096a1533a9cd55399b2a3fbb0bb893a6f7ea:2:{i:0;s:13:\"_csrf-backend\";i:1;s:32:\"9nXLJ5SyIm4YuPxyZHc0fbNu1qMbrHZb\";}'
    'advanced-frontend' => 's036ai127m2224nnlt60a0afhh'
    '_identity-frontend' => '5c1a676edd81cf24f89a026c6ec3393375977dc2743c97fca05332714f9a9dffa:2:{i:0;s:18:\"_identity-frontend\";i:1;s:46:\"[2,\"_oVLJx1e57o4v2zRJyi5kA1ZBRa54wYL\",2592000]\";}'
    '_csrf-frontend' => '9591f858c813f40dc16759f6a33e25e70a5eb16b5cdf909a209da525ef9851c4a:2:{i:0;s:14:\"_csrf-frontend\";i:1;s:32:\"pmEXoQ27n9B7hezNZCnPA8sJHyplAMKx\";}'
]

$_SESSION = [
    '__flash' => []
    '__id' => 2
    '__authKey' => '_oVLJx1e57o4v2zRJyi5kA1ZBRa54wYL'
]

$_SERVER = [
    'HTTP_HOST' => 'localhost'
    'HTTP_CONNECTION' => 'keep-alive'
    'HTTP_CACHE_CONTROL' => 'max-age=0'
    'HTTP_SEC_CH_UA' => '\"Chromium\";v=\"106\", \"Google Chrome\";v=\"106\", \"Not;A=Brand\";v=\"99\"'
    'HTTP_SEC_CH_UA_MOBILE' => '?0'
    'HTTP_SEC_CH_UA_PLATFORM' => '\"Windows\"'
    'HTTP_UPGRADE_INSECURE_REQUESTS' => '1'
    'HTTP_USER_AGENT' => 'Mozilla/5.0 (Windows NT 10.0; Win64; x64) AppleWebKit/537.36 (KHTML, like Gecko) Chrome/106.0.0.0 Safari/537.36'
    'HTTP_ACCEPT' => 'text/html,application/xhtml+xml,application/xml;q=0.9,image/avif,image/webp,image/apng,*/*;q=0.8,application/signed-exchange;v=b3;q=0.9'
    'HTTP_SEC_FETCH_SITE' => 'same-origin'
    'HTTP_SEC_FETCH_MODE' => 'navigate'
    'HTTP_SEC_FETCH_USER' => '?1'
    'HTTP_SEC_FETCH_DEST' => 'document'
    'HTTP_REFERER' => 'http://localhost/projeto/frontend/web/index.php?r=site%2Flogin'
    'HTTP_ACCEPT_ENCODING' => 'gzip, deflate, br'
    'HTTP_ACCEPT_LANGUAGE' => 'pt-PT,pt;q=0.9,en-US;q=0.8,en;q=0.7'
    'HTTP_COOKIE' => 'Phpstorm-c7f4252b=dd0cf5da-cbef-48de-a2c3-353be3b55f14; _identity=c2b0c5735c0f0621153f32b287ab2b686a7e33583f6ec990fb09d7aa96524145a%3A2%3A%7Bi%3A0%3Bs%3A9%3A%22_identity%22%3Bi%3A1%3Bs%3A28%3A%22%5B%22100%22%2C%22test100key%22%2C2592000%5D%22%3B%7D; _csrf=cccbc261fa4d58b9f8caf0acdbb9de37575f366b8f38938876fc1ef3937a85d7a%3A2%3A%7Bi%3A0%3Bs%3A5%3A%22_csrf%22%3Bi%3A1%3Bs%3A32%3A%22ij5KNQ3M9FGrZ7q7gEokmwYNAgwfrbbE%22%3B%7D; PHPSESSID=u866khqn6a6n6nqek3d074tjb5; advanced-backend=bfteohaqh5sqi3rf3cuhd3pfnv; _identity-backend=018ab71fc74cdba492dc335a612e4af4eeeec4b9b614fdacca47b3020c122003a%3A2%3A%7Bi%3A0%3Bs%3A17%3A%22_identity-backend%22%3Bi%3A1%3Bs%3A46%3A%22%5B2%2C%22_oVLJx1e57o4v2zRJyi5kA1ZBRa54wYL%22%2C2592000%5D%22%3B%7D; _csrf-backend=c8abcc0a79ac5bc339557240b67e9096a1533a9cd55399b2a3fbb0bb893a6f7ea%3A2%3A%7Bi%3A0%3Bs%3A13%3A%22_csrf-backend%22%3Bi%3A1%3Bs%3A32%3A%229nXLJ5SyIm4YuPxyZHc0fbNu1qMbrHZb%22%3B%7D; advanced-frontend=s036ai127m2224nnlt60a0afhh; _identity-frontend=5c1a676edd81cf24f89a026c6ec3393375977dc2743c97fca05332714f9a9dffa%3A2%3A%7Bi%3A0%3Bs%3A18%3A%22_identity-frontend%22%3Bi%3A1%3Bs%3A46%3A%22%5B2%2C%22_oVLJx1e57o4v2zRJyi5kA1ZBRa54wYL%22%2C2592000%5D%22%3B%7D; _csrf-frontend=9591f858c813f40dc16759f6a33e25e70a5eb16b5cdf909a209da525ef9851c4a%3A2%3A%7Bi%3A0%3Bs%3A14%3A%22_csrf-frontend%22%3Bi%3A1%3Bs%3A32%3A%22pmEXoQ27n9B7hezNZCnPA8sJHyplAMKx%22%3B%7D'
    'PATH' => 'C:\\Windows\\system32;C:\\Windows;C:\\Windows\\System32\\Wbem;C:\\Windows\\System32\\WindowsPowerShell\\v1.0\\;C:\\Windows\\System32\\OpenSSH\\;C:\\Program Files (x86)\\NVIDIA Corporation\\PhysX\\Common;C:\\Program Files\\NVIDIA Corporation\\NVIDIA NvDLISR;C:\\Program Files\\Microsoft SQL Server\\150\\Tools\\Binn\\;C:\\ProgramData\\ComposerSetup\\bin;C:\\Program Files\\Microsoft SQL Server\\Client SDK\\ODBC\\170\\Tools\\Binn\\;C:\\Program Files\\dotnet\\;C:\\Program Files\\nodejs\\;C:\\Program Files\\Git\\cmd;C:\\wamp64\\bin\\php\\php8.1.0;C:\\composer;C:\\Program Files\\Common Files\\Oracle\\Java\\javapath;C:\\Windows\\system32\\config\\systemprofile\\AppData\\Local\\Microsoft\\WindowsApps'
    'SystemRoot' => 'C:\\Windows'
    'COMSPEC' => 'C:\\Windows\\system32\\cmd.exe'
    'PATHEXT' => '.COM;.EXE;.BAT;.CMD;.VBS;.VBE;.JS;.JSE;.WSF;.WSH;.MSC'
    'WINDIR' => 'C:\\Windows'
    'SERVER_SIGNATURE' => '<address>Apache/2.4.51 (Win64) PHP/8.1.0 Server at localhost Port 80</address>
'
    'SERVER_SOFTWARE' => 'Apache/2.4.51 (Win64) PHP/8.1.0'
    'SERVER_NAME' => 'localhost'
    'SERVER_ADDR' => '::1'
    'SERVER_PORT' => '80'
    'REMOTE_ADDR' => '::1'
    'DOCUMENT_ROOT' => 'C:/wamp64/www'
    'REQUEST_SCHEME' => 'http'
    'CONTEXT_PREFIX' => ''
    'CONTEXT_DOCUMENT_ROOT' => 'C:/wamp64/www'
    'SERVER_ADMIN' => 'wampserver@wampserver.invalid'
    'SCRIPT_FILENAME' => 'C:/wamp64/www/projeto/frontend/web/index.php'
    'REMOTE_PORT' => '49515'
    'GATEWAY_INTERFACE' => 'CGI/1.1'
    'SERVER_PROTOCOL' => 'HTTP/1.1'
    'REQUEST_METHOD' => 'GET'
    'QUERY_STRING' => ''
    'REQUEST_URI' => '/projeto/frontend/web/index.php'
    'SCRIPT_NAME' => '/projeto/frontend/web/index.php'
    'PHP_SELF' => '/projeto/frontend/web/index.php'
    'REQUEST_TIME_FLOAT' => 1666629130.6056
    'REQUEST_TIME' => 1666629130
]
2022-10-24 16:32:18 [::1][2][s036ai127m2224nnlt60a0afhh][error][yii\base\ErrorException:2] yii\base\ErrorException: Attempt to read property "firstName" on null in C:\wamp64\www\projeto\frontend\views\layouts\main.php:56
Stack trace:
#0 C:\wamp64\www\projeto\frontend\views\layouts\main.php(56): yii\web\ErrorHandler->handleError(code: '2', message: ''Attempt to rea...', file: ''C:\\\\wamp64\\\\ww...', line: '56')
#1 C:\wamp64\www\projeto\vendor\yiisoft\yii2\base\View.php(347): yii\web\View->unknown()
#2 C:\wamp64\www\projeto\vendor\yiisoft\yii2\base\View.php(257): yii\web\View->renderPhpFile(_file_: ''C:\\\\wamp64\\\\ww...', _params_: '['content' => '...')
#3 C:\wamp64\www\projeto\vendor\yiisoft\yii2\base\Controller.php(422): yii\web\View->renderFile(viewFile: ''C:\\\\wamp64\\\\ww...', params: '['content' => '...', context: 'class frontend\\...')
#4 C:\wamp64\www\projeto\vendor\yiisoft\yii2\base\Controller.php(408): frontend\controllers\SiteController->renderContent(content: ''<div class="si...')
#5 C:\wamp64\www\projeto\frontend\controllers\SiteController.php(78): frontend\controllers\SiteController->render(view: ''index'', params: '???')
#6 C:\wamp64\www\projeto\vendor\yiisoft\yii2\base\InlineAction.php(57): frontend\controllers\SiteController->actionIndex()
#7 C:\wamp64\www\projeto\vendor\yiisoft\yii2\base\InlineAction.php(57): ::call_user_func_array:{C:\wamp64\www\projeto\vendor\yiisoft\yii2\base\InlineAction.php:57}(callback: '[0 => class fro...', args: '[]')
#8 C:\wamp64\www\projeto\vendor\yiisoft\yii2\base\Controller.php(178): yii\base\InlineAction->runWithParams(params: '[]')
#9 C:\wamp64\www\projeto\vendor\yiisoft\yii2\base\Module.php(552): frontend\controllers\SiteController->runAction(id: '''', params: '[]')
#10 C:\wamp64\www\projeto\vendor\yiisoft\yii2\web\Application.php(103): yii\web\Application->runAction(route: '''', params: '[]')
#11 C:\wamp64\www\projeto\vendor\yiisoft\yii2\base\Application.php(384): yii\web\Application->handleRequest(request: 'class yii\\web\\R...')
#12 C:\wamp64\www\projeto\frontend\web\index.php(18): yii\web\Application->run()
#13 {main}
2022-10-24 16:32:18 [::1][2][s036ai127m2224nnlt60a0afhh][info][application] $_GET = []

$_POST = []

$_FILES = []

$_COOKIE = [
    'Phpstorm-c7f4252b' => 'dd0cf5da-cbef-48de-a2c3-353be3b55f14'
    '_identity' => 'c2b0c5735c0f0621153f32b287ab2b686a7e33583f6ec990fb09d7aa96524145a:2:{i:0;s:9:\"_identity\";i:1;s:28:\"[\"100\",\"test100key\",2592000]\";}'
    '_csrf' => 'cccbc261fa4d58b9f8caf0acdbb9de37575f366b8f38938876fc1ef3937a85d7a:2:{i:0;s:5:\"_csrf\";i:1;s:32:\"ij5KNQ3M9FGrZ7q7gEokmwYNAgwfrbbE\";}'
    'PHPSESSID' => 'u866khqn6a6n6nqek3d074tjb5'
    'advanced-backend' => 'bfteohaqh5sqi3rf3cuhd3pfnv'
    '_identity-backend' => '018ab71fc74cdba492dc335a612e4af4eeeec4b9b614fdacca47b3020c122003a:2:{i:0;s:17:\"_identity-backend\";i:1;s:46:\"[2,\"_oVLJx1e57o4v2zRJyi5kA1ZBRa54wYL\",2592000]\";}'
    '_csrf-backend' => 'c8abcc0a79ac5bc339557240b67e9096a1533a9cd55399b2a3fbb0bb893a6f7ea:2:{i:0;s:13:\"_csrf-backend\";i:1;s:32:\"9nXLJ5SyIm4YuPxyZHc0fbNu1qMbrHZb\";}'
    'advanced-frontend' => 's036ai127m2224nnlt60a0afhh'
    '_identity-frontend' => '5c1a676edd81cf24f89a026c6ec3393375977dc2743c97fca05332714f9a9dffa:2:{i:0;s:18:\"_identity-frontend\";i:1;s:46:\"[2,\"_oVLJx1e57o4v2zRJyi5kA1ZBRa54wYL\",2592000]\";}'
    '_csrf-frontend' => '9591f858c813f40dc16759f6a33e25e70a5eb16b5cdf909a209da525ef9851c4a:2:{i:0;s:14:\"_csrf-frontend\";i:1;s:32:\"pmEXoQ27n9B7hezNZCnPA8sJHyplAMKx\";}'
]

$_SESSION = [
    '__flash' => []
    '__id' => 2
    '__authKey' => '_oVLJx1e57o4v2zRJyi5kA1ZBRa54wYL'
]

$_SERVER = [
    'HTTP_HOST' => 'localhost'
    'HTTP_CONNECTION' => 'keep-alive'
    'HTTP_CACHE_CONTROL' => 'max-age=0'
    'HTTP_SEC_CH_UA' => '\"Chromium\";v=\"106\", \"Google Chrome\";v=\"106\", \"Not;A=Brand\";v=\"99\"'
    'HTTP_SEC_CH_UA_MOBILE' => '?0'
    'HTTP_SEC_CH_UA_PLATFORM' => '\"Windows\"'
    'HTTP_UPGRADE_INSECURE_REQUESTS' => '1'
    'HTTP_USER_AGENT' => 'Mozilla/5.0 (Windows NT 10.0; Win64; x64) AppleWebKit/537.36 (KHTML, like Gecko) Chrome/106.0.0.0 Safari/537.36'
    'HTTP_ACCEPT' => 'text/html,application/xhtml+xml,application/xml;q=0.9,image/avif,image/webp,image/apng,*/*;q=0.8,application/signed-exchange;v=b3;q=0.9'
    'HTTP_SEC_FETCH_SITE' => 'same-origin'
    'HTTP_SEC_FETCH_MODE' => 'navigate'
    'HTTP_SEC_FETCH_USER' => '?1'
    'HTTP_SEC_FETCH_DEST' => 'document'
    'HTTP_REFERER' => 'http://localhost/projeto/frontend/web/index.php?r=site%2Flogin'
    'HTTP_ACCEPT_ENCODING' => 'gzip, deflate, br'
    'HTTP_ACCEPT_LANGUAGE' => 'pt-PT,pt;q=0.9,en-US;q=0.8,en;q=0.7'
    'HTTP_COOKIE' => 'Phpstorm-c7f4252b=dd0cf5da-cbef-48de-a2c3-353be3b55f14; _identity=c2b0c5735c0f0621153f32b287ab2b686a7e33583f6ec990fb09d7aa96524145a%3A2%3A%7Bi%3A0%3Bs%3A9%3A%22_identity%22%3Bi%3A1%3Bs%3A28%3A%22%5B%22100%22%2C%22test100key%22%2C2592000%5D%22%3B%7D; _csrf=cccbc261fa4d58b9f8caf0acdbb9de37575f366b8f38938876fc1ef3937a85d7a%3A2%3A%7Bi%3A0%3Bs%3A5%3A%22_csrf%22%3Bi%3A1%3Bs%3A32%3A%22ij5KNQ3M9FGrZ7q7gEokmwYNAgwfrbbE%22%3B%7D; PHPSESSID=u866khqn6a6n6nqek3d074tjb5; advanced-backend=bfteohaqh5sqi3rf3cuhd3pfnv; _identity-backend=018ab71fc74cdba492dc335a612e4af4eeeec4b9b614fdacca47b3020c122003a%3A2%3A%7Bi%3A0%3Bs%3A17%3A%22_identity-backend%22%3Bi%3A1%3Bs%3A46%3A%22%5B2%2C%22_oVLJx1e57o4v2zRJyi5kA1ZBRa54wYL%22%2C2592000%5D%22%3B%7D; _csrf-backend=c8abcc0a79ac5bc339557240b67e9096a1533a9cd55399b2a3fbb0bb893a6f7ea%3A2%3A%7Bi%3A0%3Bs%3A13%3A%22_csrf-backend%22%3Bi%3A1%3Bs%3A32%3A%229nXLJ5SyIm4YuPxyZHc0fbNu1qMbrHZb%22%3B%7D; advanced-frontend=s036ai127m2224nnlt60a0afhh; _identity-frontend=5c1a676edd81cf24f89a026c6ec3393375977dc2743c97fca05332714f9a9dffa%3A2%3A%7Bi%3A0%3Bs%3A18%3A%22_identity-frontend%22%3Bi%3A1%3Bs%3A46%3A%22%5B2%2C%22_oVLJx1e57o4v2zRJyi5kA1ZBRa54wYL%22%2C2592000%5D%22%3B%7D; _csrf-frontend=9591f858c813f40dc16759f6a33e25e70a5eb16b5cdf909a209da525ef9851c4a%3A2%3A%7Bi%3A0%3Bs%3A14%3A%22_csrf-frontend%22%3Bi%3A1%3Bs%3A32%3A%22pmEXoQ27n9B7hezNZCnPA8sJHyplAMKx%22%3B%7D'
    'PATH' => 'C:\\Windows\\system32;C:\\Windows;C:\\Windows\\System32\\Wbem;C:\\Windows\\System32\\WindowsPowerShell\\v1.0\\;C:\\Windows\\System32\\OpenSSH\\;C:\\Program Files (x86)\\NVIDIA Corporation\\PhysX\\Common;C:\\Program Files\\NVIDIA Corporation\\NVIDIA NvDLISR;C:\\Program Files\\Microsoft SQL Server\\150\\Tools\\Binn\\;C:\\ProgramData\\ComposerSetup\\bin;C:\\Program Files\\Microsoft SQL Server\\Client SDK\\ODBC\\170\\Tools\\Binn\\;C:\\Program Files\\dotnet\\;C:\\Program Files\\nodejs\\;C:\\Program Files\\Git\\cmd;C:\\wamp64\\bin\\php\\php8.1.0;C:\\composer;C:\\Program Files\\Common Files\\Oracle\\Java\\javapath;C:\\Windows\\system32\\config\\systemprofile\\AppData\\Local\\Microsoft\\WindowsApps'
    'SystemRoot' => 'C:\\Windows'
    'COMSPEC' => 'C:\\Windows\\system32\\cmd.exe'
    'PATHEXT' => '.COM;.EXE;.BAT;.CMD;.VBS;.VBE;.JS;.JSE;.WSF;.WSH;.MSC'
    'WINDIR' => 'C:\\Windows'
    'SERVER_SIGNATURE' => '<address>Apache/2.4.51 (Win64) PHP/8.1.0 Server at localhost Port 80</address>
'
    'SERVER_SOFTWARE' => 'Apache/2.4.51 (Win64) PHP/8.1.0'
    'SERVER_NAME' => 'localhost'
    'SERVER_ADDR' => '::1'
    'SERVER_PORT' => '80'
    'REMOTE_ADDR' => '::1'
    'DOCUMENT_ROOT' => 'C:/wamp64/www'
    'REQUEST_SCHEME' => 'http'
    'CONTEXT_PREFIX' => ''
    'CONTEXT_DOCUMENT_ROOT' => 'C:/wamp64/www'
    'SERVER_ADMIN' => 'wampserver@wampserver.invalid'
    'SCRIPT_FILENAME' => 'C:/wamp64/www/projeto/frontend/web/index.php'
    'REMOTE_PORT' => '49531'
    'GATEWAY_INTERFACE' => 'CGI/1.1'
    'SERVER_PROTOCOL' => 'HTTP/1.1'
    'REQUEST_METHOD' => 'GET'
    'QUERY_STRING' => ''
    'REQUEST_URI' => '/projeto/frontend/web/index.php'
    'SCRIPT_NAME' => '/projeto/frontend/web/index.php'
    'PHP_SELF' => '/projeto/frontend/web/index.php'
    'REQUEST_TIME_FLOAT' => 1666629138.5097
    'REQUEST_TIME' => 1666629138
]
2022-10-24 16:33:41 [::1][2][s036ai127m2224nnlt60a0afhh][error][yii\base\UnknownPropertyException] yii\base\UnknownPropertyException: Getting unknown property: common\models\User::firstName in C:\wamp64\www\projeto\vendor\yiisoft\yii2\base\Component.php:154
Stack trace:
#0 C:\wamp64\www\projeto\vendor\yiisoft\yii2\db\BaseActiveRecord.php(296): yii\base\Component->__get('firstName')
#1 C:\wamp64\www\projeto\frontend\views\layouts\main.php(56): yii\db\BaseActiveRecord->__get('firstName')
#2 C:\wamp64\www\projeto\vendor\yiisoft\yii2\base\View.php(347): require('C:\\wamp64\\www\\p...')
#3 C:\wamp64\www\projeto\vendor\yiisoft\yii2\base\View.php(257): yii\base\View->renderPhpFile('C:\\wamp64\\www\\p...', Array)
#4 C:\wamp64\www\projeto\vendor\yiisoft\yii2\base\Controller.php(422): yii\base\View->renderFile('C:\\wamp64\\www\\p...', Array, Object(frontend\controllers\SiteController))
#5 C:\wamp64\www\projeto\vendor\yiisoft\yii2\base\Controller.php(408): yii\base\Controller->renderContent('<div class="sit...')
#6 C:\wamp64\www\projeto\frontend\controllers\SiteController.php(78): yii\base\Controller->render('index')
#7 [internal function]: frontend\controllers\SiteController->actionIndex()
#8 C:\wamp64\www\projeto\vendor\yiisoft\yii2\base\InlineAction.php(57): call_user_func_array(Array, Array)
#9 C:\wamp64\www\projeto\vendor\yiisoft\yii2\base\Controller.php(178): yii\base\InlineAction->runWithParams(Array)
#10 C:\wamp64\www\projeto\vendor\yiisoft\yii2\base\Module.php(552): yii\base\Controller->runAction('', Array)
#11 C:\wamp64\www\projeto\vendor\yiisoft\yii2\web\Application.php(103): yii\base\Module->runAction('', Array)
#12 C:\wamp64\www\projeto\vendor\yiisoft\yii2\base\Application.php(384): yii\web\Application->handleRequest(Object(yii\web\Request))
#13 C:\wamp64\www\projeto\frontend\web\index.php(18): yii\base\Application->run()
#14 {main}
2022-10-24 16:33:41 [::1][2][s036ai127m2224nnlt60a0afhh][info][application] $_GET = []

$_POST = []

$_FILES = []

$_COOKIE = [
    'Phpstorm-c7f4252b' => 'dd0cf5da-cbef-48de-a2c3-353be3b55f14'
    '_identity' => 'c2b0c5735c0f0621153f32b287ab2b686a7e33583f6ec990fb09d7aa96524145a:2:{i:0;s:9:\"_identity\";i:1;s:28:\"[\"100\",\"test100key\",2592000]\";}'
    '_csrf' => 'cccbc261fa4d58b9f8caf0acdbb9de37575f366b8f38938876fc1ef3937a85d7a:2:{i:0;s:5:\"_csrf\";i:1;s:32:\"ij5KNQ3M9FGrZ7q7gEokmwYNAgwfrbbE\";}'
    'PHPSESSID' => 'u866khqn6a6n6nqek3d074tjb5'
    'advanced-backend' => 'bfteohaqh5sqi3rf3cuhd3pfnv'
    '_identity-backend' => '018ab71fc74cdba492dc335a612e4af4eeeec4b9b614fdacca47b3020c122003a:2:{i:0;s:17:\"_identity-backend\";i:1;s:46:\"[2,\"_oVLJx1e57o4v2zRJyi5kA1ZBRa54wYL\",2592000]\";}'
    '_csrf-backend' => 'c8abcc0a79ac5bc339557240b67e9096a1533a9cd55399b2a3fbb0bb893a6f7ea:2:{i:0;s:13:\"_csrf-backend\";i:1;s:32:\"9nXLJ5SyIm4YuPxyZHc0fbNu1qMbrHZb\";}'
    'advanced-frontend' => 's036ai127m2224nnlt60a0afhh'
    '_identity-frontend' => '5c1a676edd81cf24f89a026c6ec3393375977dc2743c97fca05332714f9a9dffa:2:{i:0;s:18:\"_identity-frontend\";i:1;s:46:\"[2,\"_oVLJx1e57o4v2zRJyi5kA1ZBRa54wYL\",2592000]\";}'
    '_csrf-frontend' => '9591f858c813f40dc16759f6a33e25e70a5eb16b5cdf909a209da525ef9851c4a:2:{i:0;s:14:\"_csrf-frontend\";i:1;s:32:\"pmEXoQ27n9B7hezNZCnPA8sJHyplAMKx\";}'
]

$_SESSION = [
    '__flash' => []
    '__id' => 2
    '__authKey' => '_oVLJx1e57o4v2zRJyi5kA1ZBRa54wYL'
]

$_SERVER = [
    'HTTP_HOST' => 'localhost'
    'HTTP_CONNECTION' => 'keep-alive'
    'HTTP_CACHE_CONTROL' => 'max-age=0'
    'HTTP_SEC_CH_UA' => '\"Chromium\";v=\"106\", \"Google Chrome\";v=\"106\", \"Not;A=Brand\";v=\"99\"'
    'HTTP_SEC_CH_UA_MOBILE' => '?0'
    'HTTP_SEC_CH_UA_PLATFORM' => '\"Windows\"'
    'HTTP_UPGRADE_INSECURE_REQUESTS' => '1'
    'HTTP_USER_AGENT' => 'Mozilla/5.0 (Windows NT 10.0; Win64; x64) AppleWebKit/537.36 (KHTML, like Gecko) Chrome/106.0.0.0 Safari/537.36'
    'HTTP_ACCEPT' => 'text/html,application/xhtml+xml,application/xml;q=0.9,image/avif,image/webp,image/apng,*/*;q=0.8,application/signed-exchange;v=b3;q=0.9'
    'HTTP_SEC_FETCH_SITE' => 'same-origin'
    'HTTP_SEC_FETCH_MODE' => 'navigate'
    'HTTP_SEC_FETCH_USER' => '?1'
    'HTTP_SEC_FETCH_DEST' => 'document'
    'HTTP_REFERER' => 'http://localhost/projeto/frontend/web/index.php?r=site%2Flogin'
    'HTTP_ACCEPT_ENCODING' => 'gzip, deflate, br'
    'HTTP_ACCEPT_LANGUAGE' => 'pt-PT,pt;q=0.9,en-US;q=0.8,en;q=0.7'
    'HTTP_COOKIE' => 'Phpstorm-c7f4252b=dd0cf5da-cbef-48de-a2c3-353be3b55f14; _identity=c2b0c5735c0f0621153f32b287ab2b686a7e33583f6ec990fb09d7aa96524145a%3A2%3A%7Bi%3A0%3Bs%3A9%3A%22_identity%22%3Bi%3A1%3Bs%3A28%3A%22%5B%22100%22%2C%22test100key%22%2C2592000%5D%22%3B%7D; _csrf=cccbc261fa4d58b9f8caf0acdbb9de37575f366b8f38938876fc1ef3937a85d7a%3A2%3A%7Bi%3A0%3Bs%3A5%3A%22_csrf%22%3Bi%3A1%3Bs%3A32%3A%22ij5KNQ3M9FGrZ7q7gEokmwYNAgwfrbbE%22%3B%7D; PHPSESSID=u866khqn6a6n6nqek3d074tjb5; advanced-backend=bfteohaqh5sqi3rf3cuhd3pfnv; _identity-backend=018ab71fc74cdba492dc335a612e4af4eeeec4b9b614fdacca47b3020c122003a%3A2%3A%7Bi%3A0%3Bs%3A17%3A%22_identity-backend%22%3Bi%3A1%3Bs%3A46%3A%22%5B2%2C%22_oVLJx1e57o4v2zRJyi5kA1ZBRa54wYL%22%2C2592000%5D%22%3B%7D; _csrf-backend=c8abcc0a79ac5bc339557240b67e9096a1533a9cd55399b2a3fbb0bb893a6f7ea%3A2%3A%7Bi%3A0%3Bs%3A13%3A%22_csrf-backend%22%3Bi%3A1%3Bs%3A32%3A%229nXLJ5SyIm4YuPxyZHc0fbNu1qMbrHZb%22%3B%7D; advanced-frontend=s036ai127m2224nnlt60a0afhh; _identity-frontend=5c1a676edd81cf24f89a026c6ec3393375977dc2743c97fca05332714f9a9dffa%3A2%3A%7Bi%3A0%3Bs%3A18%3A%22_identity-frontend%22%3Bi%3A1%3Bs%3A46%3A%22%5B2%2C%22_oVLJx1e57o4v2zRJyi5kA1ZBRa54wYL%22%2C2592000%5D%22%3B%7D; _csrf-frontend=9591f858c813f40dc16759f6a33e25e70a5eb16b5cdf909a209da525ef9851c4a%3A2%3A%7Bi%3A0%3Bs%3A14%3A%22_csrf-frontend%22%3Bi%3A1%3Bs%3A32%3A%22pmEXoQ27n9B7hezNZCnPA8sJHyplAMKx%22%3B%7D'
    'PATH' => 'C:\\Windows\\system32;C:\\Windows;C:\\Windows\\System32\\Wbem;C:\\Windows\\System32\\WindowsPowerShell\\v1.0\\;C:\\Windows\\System32\\OpenSSH\\;C:\\Program Files (x86)\\NVIDIA Corporation\\PhysX\\Common;C:\\Program Files\\NVIDIA Corporation\\NVIDIA NvDLISR;C:\\Program Files\\Microsoft SQL Server\\150\\Tools\\Binn\\;C:\\ProgramData\\ComposerSetup\\bin;C:\\Program Files\\Microsoft SQL Server\\Client SDK\\ODBC\\170\\Tools\\Binn\\;C:\\Program Files\\dotnet\\;C:\\Program Files\\nodejs\\;C:\\Program Files\\Git\\cmd;C:\\wamp64\\bin\\php\\php8.1.0;C:\\composer;C:\\Program Files\\Common Files\\Oracle\\Java\\javapath;C:\\Windows\\system32\\config\\systemprofile\\AppData\\Local\\Microsoft\\WindowsApps'
    'SystemRoot' => 'C:\\Windows'
    'COMSPEC' => 'C:\\Windows\\system32\\cmd.exe'
    'PATHEXT' => '.COM;.EXE;.BAT;.CMD;.VBS;.VBE;.JS;.JSE;.WSF;.WSH;.MSC'
    'WINDIR' => 'C:\\Windows'
    'SERVER_SIGNATURE' => '<address>Apache/2.4.51 (Win64) PHP/8.1.0 Server at localhost Port 80</address>
'
    'SERVER_SOFTWARE' => 'Apache/2.4.51 (Win64) PHP/8.1.0'
    'SERVER_NAME' => 'localhost'
    'SERVER_ADDR' => '::1'
    'SERVER_PORT' => '80'
    'REMOTE_ADDR' => '::1'
    'DOCUMENT_ROOT' => 'C:/wamp64/www'
    'REQUEST_SCHEME' => 'http'
    'CONTEXT_PREFIX' => ''
    'CONTEXT_DOCUMENT_ROOT' => 'C:/wamp64/www'
    'SERVER_ADMIN' => 'wampserver@wampserver.invalid'
    'SCRIPT_FILENAME' => 'C:/wamp64/www/projeto/frontend/web/index.php'
    'REMOTE_PORT' => '49550'
    'GATEWAY_INTERFACE' => 'CGI/1.1'
    'SERVER_PROTOCOL' => 'HTTP/1.1'
    'REQUEST_METHOD' => 'GET'
    'QUERY_STRING' => ''
    'REQUEST_URI' => '/projeto/frontend/web/index.php'
    'SCRIPT_NAME' => '/projeto/frontend/web/index.php'
    'PHP_SELF' => '/projeto/frontend/web/index.php'
    'REQUEST_TIME_FLOAT' => 1666629221.3924
    'REQUEST_TIME' => 1666629221
]
2022-10-24 16:34:12 [::1][-][5ag86mg14iui2kjqjor41g9fj0][error][yii\base\ErrorException:2] yii\base\ErrorException: Attempt to read property "id" on null in C:\wamp64\www\projeto\common\models\LoginForm.php:74
Stack trace:
#0 C:\wamp64\www\projeto\common\models\LoginForm.php(74): yii\web\ErrorHandler->handleError(code: '2', message: ''Attempt to rea...', file: ''C:\\\\wamp64\\\\ww...', line: '74')
#1 C:\wamp64\www\projeto\common\models\LoginForm.php(45): common\models\LoginForm->getUser()
#2 C:\wamp64\www\projeto\vendor\yiisoft\yii2\validators\InlineValidator.php(77): common\models\LoginForm->validatePassword(attribute: ''password'', params: 'NULL', 'class yii\\valid...', ''12345678'')
#3 C:\wamp64\www\projeto\vendor\yiisoft\yii2\validators\Validator.php(260): yii\validators\InlineValidator->validateAttribute(model: 'class common\\mo...', attribute: ''password'')
#4 C:\wamp64\www\projeto\vendor\yiisoft\yii2\base\Model.php(360): yii\validators\InlineValidator->validateAttributes(model: 'class common\\mo...', attributes: '[0 => 'username...')
#5 C:\wamp64\www\projeto\common\models\LoginForm.php(59): common\models\LoginForm->validate(attributeNames: '???', clearErrors: '???')
#6 C:\wamp64\www\projeto\frontend\controllers\SiteController.php(93): common\models\LoginForm->login()
#7 C:\wamp64\www\projeto\vendor\yiisoft\yii2\base\InlineAction.php(57): frontend\controllers\SiteController->actionLogin()
#8 C:\wamp64\www\projeto\vendor\yiisoft\yii2\base\InlineAction.php(57): ::call_user_func_array:{C:\wamp64\www\projeto\vendor\yiisoft\yii2\base\InlineAction.php:57}(callback: '[0 => class fro...', args: '[]')
#9 C:\wamp64\www\projeto\vendor\yiisoft\yii2\base\Controller.php(178): yii\base\InlineAction->runWithParams(params: '['r' => 'site/l...')
#10 C:\wamp64\www\projeto\vendor\yiisoft\yii2\base\Module.php(552): frontend\controllers\SiteController->runAction(id: ''login'', params: '['r' => 'site/l...')
#11 C:\wamp64\www\projeto\vendor\yiisoft\yii2\web\Application.php(103): yii\web\Application->runAction(route: ''site/login'', params: '['r' => 'site/l...')
#12 C:\wamp64\www\projeto\vendor\yiisoft\yii2\base\Application.php(384): yii\web\Application->handleRequest(request: 'class yii\\web\\R...')
#13 C:\wamp64\www\projeto\frontend\web\index.php(18): yii\web\Application->run()
#14 {main}
2022-10-24 16:34:12 [::1][-][5ag86mg14iui2kjqjor41g9fj0][info][application] $_GET = [
    'r' => 'site/login'
]

$_POST = [
    '_csrf-frontend' => 'zxIP4H8CyTriCaFERzjEXvFscCsWps6ZxbUNMhryTlm_f0q4EFP7DYww43MvXb4Qqy8ee1eevdONzH1eW78FIQ=='
    'LoginForm' => [
        'username' => 'filipe'
        'password' => '12345678'
        'rememberMe' => '1'
    ]
    'login-button' => ''
]

$_FILES = []

$_COOKIE = [
    'Phpstorm-c7f4252b' => 'dd0cf5da-cbef-48de-a2c3-353be3b55f14'
    '_identity' => 'c2b0c5735c0f0621153f32b287ab2b686a7e33583f6ec990fb09d7aa96524145a:2:{i:0;s:9:\"_identity\";i:1;s:28:\"[\"100\",\"test100key\",2592000]\";}'
    '_csrf' => 'cccbc261fa4d58b9f8caf0acdbb9de37575f366b8f38938876fc1ef3937a85d7a:2:{i:0;s:5:\"_csrf\";i:1;s:32:\"ij5KNQ3M9FGrZ7q7gEokmwYNAgwfrbbE\";}'
    'PHPSESSID' => 'u866khqn6a6n6nqek3d074tjb5'
    'advanced-backend' => 'bfteohaqh5sqi3rf3cuhd3pfnv'
    '_identity-backend' => '018ab71fc74cdba492dc335a612e4af4eeeec4b9b614fdacca47b3020c122003a:2:{i:0;s:17:\"_identity-backend\";i:1;s:46:\"[2,\"_oVLJx1e57o4v2zRJyi5kA1ZBRa54wYL\",2592000]\";}'
    '_csrf-backend' => 'c8abcc0a79ac5bc339557240b67e9096a1533a9cd55399b2a3fbb0bb893a6f7ea:2:{i:0;s:13:\"_csrf-backend\";i:1;s:32:\"9nXLJ5SyIm4YuPxyZHc0fbNu1qMbrHZb\";}'
    '_csrf-frontend' => '9591f858c813f40dc16759f6a33e25e70a5eb16b5cdf909a209da525ef9851c4a:2:{i:0;s:14:\"_csrf-frontend\";i:1;s:32:\"pmEXoQ27n9B7hezNZCnPA8sJHyplAMKx\";}'
    'advanced-frontend' => '5ag86mg14iui2kjqjor41g9fj0'
]

$_SESSION = [
    '__flash' => []
]

$_SERVER = [
    'HTTP_HOST' => 'localhost'
    'HTTP_CONNECTION' => 'keep-alive'
    'CONTENT_LENGTH' => '241'
    'HTTP_CACHE_CONTROL' => 'max-age=0'
    'HTTP_SEC_CH_UA' => '\"Chromium\";v=\"106\", \"Google Chrome\";v=\"106\", \"Not;A=Brand\";v=\"99\"'
    'HTTP_SEC_CH_UA_MOBILE' => '?0'
    'HTTP_SEC_CH_UA_PLATFORM' => '\"Windows\"'
    'HTTP_UPGRADE_INSECURE_REQUESTS' => '1'
    'HTTP_ORIGIN' => 'http://localhost'
    'CONTENT_TYPE' => 'application/x-www-form-urlencoded'
    'HTTP_USER_AGENT' => 'Mozilla/5.0 (Windows NT 10.0; Win64; x64) AppleWebKit/537.36 (KHTML, like Gecko) Chrome/106.0.0.0 Safari/537.36'
    'HTTP_ACCEPT' => 'text/html,application/xhtml+xml,application/xml;q=0.9,image/avif,image/webp,image/apng,*/*;q=0.8,application/signed-exchange;v=b3;q=0.9'
    'HTTP_SEC_FETCH_SITE' => 'same-origin'
    'HTTP_SEC_FETCH_MODE' => 'navigate'
    'HTTP_SEC_FETCH_USER' => '?1'
    'HTTP_SEC_FETCH_DEST' => 'document'
    'HTTP_REFERER' => 'http://localhost/projeto/frontend/web/index.php?r=site%2Flogin'
    'HTTP_ACCEPT_ENCODING' => 'gzip, deflate, br'
    'HTTP_ACCEPT_LANGUAGE' => 'pt-PT,pt;q=0.9,en-US;q=0.8,en;q=0.7'
    'HTTP_COOKIE' => 'Phpstorm-c7f4252b=dd0cf5da-cbef-48de-a2c3-353be3b55f14; _identity=c2b0c5735c0f0621153f32b287ab2b686a7e33583f6ec990fb09d7aa96524145a%3A2%3A%7Bi%3A0%3Bs%3A9%3A%22_identity%22%3Bi%3A1%3Bs%3A28%3A%22%5B%22100%22%2C%22test100key%22%2C2592000%5D%22%3B%7D; _csrf=cccbc261fa4d58b9f8caf0acdbb9de37575f366b8f38938876fc1ef3937a85d7a%3A2%3A%7Bi%3A0%3Bs%3A5%3A%22_csrf%22%3Bi%3A1%3Bs%3A32%3A%22ij5KNQ3M9FGrZ7q7gEokmwYNAgwfrbbE%22%3B%7D; PHPSESSID=u866khqn6a6n6nqek3d074tjb5; advanced-backend=bfteohaqh5sqi3rf3cuhd3pfnv; _identity-backend=018ab71fc74cdba492dc335a612e4af4eeeec4b9b614fdacca47b3020c122003a%3A2%3A%7Bi%3A0%3Bs%3A17%3A%22_identity-backend%22%3Bi%3A1%3Bs%3A46%3A%22%5B2%2C%22_oVLJx1e57o4v2zRJyi5kA1ZBRa54wYL%22%2C2592000%5D%22%3B%7D; _csrf-backend=c8abcc0a79ac5bc339557240b67e9096a1533a9cd55399b2a3fbb0bb893a6f7ea%3A2%3A%7Bi%3A0%3Bs%3A13%3A%22_csrf-backend%22%3Bi%3A1%3Bs%3A32%3A%229nXLJ5SyIm4YuPxyZHc0fbNu1qMbrHZb%22%3B%7D; _csrf-frontend=9591f858c813f40dc16759f6a33e25e70a5eb16b5cdf909a209da525ef9851c4a%3A2%3A%7Bi%3A0%3Bs%3A14%3A%22_csrf-frontend%22%3Bi%3A1%3Bs%3A32%3A%22pmEXoQ27n9B7hezNZCnPA8sJHyplAMKx%22%3B%7D; advanced-frontend=5ag86mg14iui2kjqjor41g9fj0'
    'PATH' => 'C:\\Windows\\system32;C:\\Windows;C:\\Windows\\System32\\Wbem;C:\\Windows\\System32\\WindowsPowerShell\\v1.0\\;C:\\Windows\\System32\\OpenSSH\\;C:\\Program Files (x86)\\NVIDIA Corporation\\PhysX\\Common;C:\\Program Files\\NVIDIA Corporation\\NVIDIA NvDLISR;C:\\Program Files\\Microsoft SQL Server\\150\\Tools\\Binn\\;C:\\ProgramData\\ComposerSetup\\bin;C:\\Program Files\\Microsoft SQL Server\\Client SDK\\ODBC\\170\\Tools\\Binn\\;C:\\Program Files\\dotnet\\;C:\\Program Files\\nodejs\\;C:\\Program Files\\Git\\cmd;C:\\wamp64\\bin\\php\\php8.1.0;C:\\composer;C:\\Program Files\\Common Files\\Oracle\\Java\\javapath;C:\\Windows\\system32\\config\\systemprofile\\AppData\\Local\\Microsoft\\WindowsApps'
    'SystemRoot' => 'C:\\Windows'
    'COMSPEC' => 'C:\\Windows\\system32\\cmd.exe'
    'PATHEXT' => '.COM;.EXE;.BAT;.CMD;.VBS;.VBE;.JS;.JSE;.WSF;.WSH;.MSC'
    'WINDIR' => 'C:\\Windows'
    'SERVER_SIGNATURE' => '<address>Apache/2.4.51 (Win64) PHP/8.1.0 Server at localhost Port 80</address>
'
    'SERVER_SOFTWARE' => 'Apache/2.4.51 (Win64) PHP/8.1.0'
    'SERVER_NAME' => 'localhost'
    'SERVER_ADDR' => '::1'
    'SERVER_PORT' => '80'
    'REMOTE_ADDR' => '::1'
    'DOCUMENT_ROOT' => 'C:/wamp64/www'
    'REQUEST_SCHEME' => 'http'
    'CONTEXT_PREFIX' => ''
    'CONTEXT_DOCUMENT_ROOT' => 'C:/wamp64/www'
    'SERVER_ADMIN' => 'wampserver@wampserver.invalid'
    'SCRIPT_FILENAME' => 'C:/wamp64/www/projeto/frontend/web/index.php'
    'REMOTE_PORT' => '49558'
    'GATEWAY_INTERFACE' => 'CGI/1.1'
    'SERVER_PROTOCOL' => 'HTTP/1.1'
    'REQUEST_METHOD' => 'POST'
    'QUERY_STRING' => 'r=site%2Flogin'
    'REQUEST_URI' => '/projeto/frontend/web/index.php?r=site%2Flogin'
    'SCRIPT_NAME' => '/projeto/frontend/web/index.php'
    'PHP_SELF' => '/projeto/frontend/web/index.php'
    'REQUEST_TIME_FLOAT' => 1666629252.0695
    'REQUEST_TIME' => 1666629252
]
2022-10-24 16:35:00 [::1][-][5ag86mg14iui2kjqjor41g9fj0][error][yii\base\ErrorException:2] yii\base\ErrorException: Attempt to read property "firstName" on null in C:\wamp64\www\projeto\common\models\LoginForm.php:77
Stack trace:
#0 C:\wamp64\www\projeto\common\models\LoginForm.php(77): yii\web\ErrorHandler->handleError(code: '2', message: ''Attempt to rea...', file: ''C:\\\\wamp64\\\\ww...', line: '77')
#1 C:\wamp64\www\projeto\common\models\LoginForm.php(45): common\models\LoginForm->getUser()
#2 C:\wamp64\www\projeto\vendor\yiisoft\yii2\validators\InlineValidator.php(77): common\models\LoginForm->validatePassword(attribute: ''password'', params: 'NULL', 'class yii\\valid...', ''12345678'')
#3 C:\wamp64\www\projeto\vendor\yiisoft\yii2\validators\Validator.php(260): yii\validators\InlineValidator->validateAttribute(model: 'class common\\mo...', attribute: ''password'')
#4 C:\wamp64\www\projeto\vendor\yiisoft\yii2\base\Model.php(360): yii\validators\InlineValidator->validateAttributes(model: 'class common\\mo...', attributes: '[0 => 'username...')
#5 C:\wamp64\www\projeto\common\models\LoginForm.php(59): common\models\LoginForm->validate(attributeNames: '???', clearErrors: '???')
#6 C:\wamp64\www\projeto\frontend\controllers\SiteController.php(93): common\models\LoginForm->login()
#7 C:\wamp64\www\projeto\vendor\yiisoft\yii2\base\InlineAction.php(57): frontend\controllers\SiteController->actionLogin()
#8 C:\wamp64\www\projeto\vendor\yiisoft\yii2\base\InlineAction.php(57): ::call_user_func_array:{C:\wamp64\www\projeto\vendor\yiisoft\yii2\base\InlineAction.php:57}(callback: '[0 => class fro...', args: '[]')
#9 C:\wamp64\www\projeto\vendor\yiisoft\yii2\base\Controller.php(178): yii\base\InlineAction->runWithParams(params: '['r' => 'site/l...')
#10 C:\wamp64\www\projeto\vendor\yiisoft\yii2\base\Module.php(552): frontend\controllers\SiteController->runAction(id: ''login'', params: '['r' => 'site/l...')
#11 C:\wamp64\www\projeto\vendor\yiisoft\yii2\web\Application.php(103): yii\web\Application->runAction(route: ''site/login'', params: '['r' => 'site/l...')
#12 C:\wamp64\www\projeto\vendor\yiisoft\yii2\base\Application.php(384): yii\web\Application->handleRequest(request: 'class yii\\web\\R...')
#13 C:\wamp64\www\projeto\frontend\web\index.php(18): yii\web\Application->run()
#14 {main}
2022-10-24 16:35:00 [::1][-][5ag86mg14iui2kjqjor41g9fj0][info][application] $_GET = [
    'r' => 'site/login'
]

$_POST = [
    '_csrf-frontend' => 'zxIP4H8CyTriCaFERzjEXvFscCsWps6ZxbUNMhryTlm_f0q4EFP7DYww43MvXb4Qqy8ee1eevdONzH1eW78FIQ=='
    'LoginForm' => [
        'username' => 'filipe'
        'password' => '12345678'
        'rememberMe' => '1'
    ]
    'login-button' => ''
]

$_FILES = []

$_COOKIE = [
    'Phpstorm-c7f4252b' => 'dd0cf5da-cbef-48de-a2c3-353be3b55f14'
    '_identity' => 'c2b0c5735c0f0621153f32b287ab2b686a7e33583f6ec990fb09d7aa96524145a:2:{i:0;s:9:\"_identity\";i:1;s:28:\"[\"100\",\"test100key\",2592000]\";}'
    '_csrf' => 'cccbc261fa4d58b9f8caf0acdbb9de37575f366b8f38938876fc1ef3937a85d7a:2:{i:0;s:5:\"_csrf\";i:1;s:32:\"ij5KNQ3M9FGrZ7q7gEokmwYNAgwfrbbE\";}'
    'PHPSESSID' => 'u866khqn6a6n6nqek3d074tjb5'
    'advanced-backend' => 'bfteohaqh5sqi3rf3cuhd3pfnv'
    '_identity-backend' => '018ab71fc74cdba492dc335a612e4af4eeeec4b9b614fdacca47b3020c122003a:2:{i:0;s:17:\"_identity-backend\";i:1;s:46:\"[2,\"_oVLJx1e57o4v2zRJyi5kA1ZBRa54wYL\",2592000]\";}'
    '_csrf-backend' => 'c8abcc0a79ac5bc339557240b67e9096a1533a9cd55399b2a3fbb0bb893a6f7ea:2:{i:0;s:13:\"_csrf-backend\";i:1;s:32:\"9nXLJ5SyIm4YuPxyZHc0fbNu1qMbrHZb\";}'
    '_csrf-frontend' => '9591f858c813f40dc16759f6a33e25e70a5eb16b5cdf909a209da525ef9851c4a:2:{i:0;s:14:\"_csrf-frontend\";i:1;s:32:\"pmEXoQ27n9B7hezNZCnPA8sJHyplAMKx\";}'
    'advanced-frontend' => '5ag86mg14iui2kjqjor41g9fj0'
]

$_SESSION = [
    '__flash' => []
]

$_SERVER = [
    'HTTP_HOST' => 'localhost'
    'HTTP_CONNECTION' => 'keep-alive'
    'CONTENT_LENGTH' => '241'
    'HTTP_CACHE_CONTROL' => 'max-age=0'
    'HTTP_SEC_CH_UA' => '\"Chromium\";v=\"106\", \"Google Chrome\";v=\"106\", \"Not;A=Brand\";v=\"99\"'
    'HTTP_SEC_CH_UA_MOBILE' => '?0'
    'HTTP_SEC_CH_UA_PLATFORM' => '\"Windows\"'
    'HTTP_UPGRADE_INSECURE_REQUESTS' => '1'
    'HTTP_USER_AGENT' => 'Mozilla/5.0 (Windows NT 10.0; Win64; x64) AppleWebKit/537.36 (KHTML, like Gecko) Chrome/106.0.0.0 Safari/537.36'
    'HTTP_ORIGIN' => 'http://localhost'
    'CONTENT_TYPE' => 'application/x-www-form-urlencoded'
    'HTTP_ACCEPT' => 'text/html,application/xhtml+xml,application/xml;q=0.9,image/avif,image/webp,image/apng,*/*;q=0.8,application/signed-exchange;v=b3;q=0.9'
    'HTTP_SEC_FETCH_SITE' => 'same-origin'
    'HTTP_SEC_FETCH_MODE' => 'navigate'
    'HTTP_SEC_FETCH_USER' => '?1'
    'HTTP_SEC_FETCH_DEST' => 'document'
    'HTTP_REFERER' => 'http://localhost/projeto/frontend/web/index.php?r=site%2Flogin'
    'HTTP_ACCEPT_ENCODING' => 'gzip, deflate, br'
    'HTTP_ACCEPT_LANGUAGE' => 'pt-PT,pt;q=0.9,en-US;q=0.8,en;q=0.7'
    'HTTP_COOKIE' => 'Phpstorm-c7f4252b=dd0cf5da-cbef-48de-a2c3-353be3b55f14; _identity=c2b0c5735c0f0621153f32b287ab2b686a7e33583f6ec990fb09d7aa96524145a%3A2%3A%7Bi%3A0%3Bs%3A9%3A%22_identity%22%3Bi%3A1%3Bs%3A28%3A%22%5B%22100%22%2C%22test100key%22%2C2592000%5D%22%3B%7D; _csrf=cccbc261fa4d58b9f8caf0acdbb9de37575f366b8f38938876fc1ef3937a85d7a%3A2%3A%7Bi%3A0%3Bs%3A5%3A%22_csrf%22%3Bi%3A1%3Bs%3A32%3A%22ij5KNQ3M9FGrZ7q7gEokmwYNAgwfrbbE%22%3B%7D; PHPSESSID=u866khqn6a6n6nqek3d074tjb5; advanced-backend=bfteohaqh5sqi3rf3cuhd3pfnv; _identity-backend=018ab71fc74cdba492dc335a612e4af4eeeec4b9b614fdacca47b3020c122003a%3A2%3A%7Bi%3A0%3Bs%3A17%3A%22_identity-backend%22%3Bi%3A1%3Bs%3A46%3A%22%5B2%2C%22_oVLJx1e57o4v2zRJyi5kA1ZBRa54wYL%22%2C2592000%5D%22%3B%7D; _csrf-backend=c8abcc0a79ac5bc339557240b67e9096a1533a9cd55399b2a3fbb0bb893a6f7ea%3A2%3A%7Bi%3A0%3Bs%3A13%3A%22_csrf-backend%22%3Bi%3A1%3Bs%3A32%3A%229nXLJ5SyIm4YuPxyZHc0fbNu1qMbrHZb%22%3B%7D; _csrf-frontend=9591f858c813f40dc16759f6a33e25e70a5eb16b5cdf909a209da525ef9851c4a%3A2%3A%7Bi%3A0%3Bs%3A14%3A%22_csrf-frontend%22%3Bi%3A1%3Bs%3A32%3A%22pmEXoQ27n9B7hezNZCnPA8sJHyplAMKx%22%3B%7D; advanced-frontend=5ag86mg14iui2kjqjor41g9fj0'
    'PATH' => 'C:\\Windows\\system32;C:\\Windows;C:\\Windows\\System32\\Wbem;C:\\Windows\\System32\\WindowsPowerShell\\v1.0\\;C:\\Windows\\System32\\OpenSSH\\;C:\\Program Files (x86)\\NVIDIA Corporation\\PhysX\\Common;C:\\Program Files\\NVIDIA Corporation\\NVIDIA NvDLISR;C:\\Program Files\\Microsoft SQL Server\\150\\Tools\\Binn\\;C:\\ProgramData\\ComposerSetup\\bin;C:\\Program Files\\Microsoft SQL Server\\Client SDK\\ODBC\\170\\Tools\\Binn\\;C:\\Program Files\\dotnet\\;C:\\Program Files\\nodejs\\;C:\\Program Files\\Git\\cmd;C:\\wamp64\\bin\\php\\php8.1.0;C:\\composer;C:\\Program Files\\Common Files\\Oracle\\Java\\javapath;C:\\Windows\\system32\\config\\systemprofile\\AppData\\Local\\Microsoft\\WindowsApps'
    'SystemRoot' => 'C:\\Windows'
    'COMSPEC' => 'C:\\Windows\\system32\\cmd.exe'
    'PATHEXT' => '.COM;.EXE;.BAT;.CMD;.VBS;.VBE;.JS;.JSE;.WSF;.WSH;.MSC'
    'WINDIR' => 'C:\\Windows'
    'SERVER_SIGNATURE' => '<address>Apache/2.4.51 (Win64) PHP/8.1.0 Server at localhost Port 80</address>
'
    'SERVER_SOFTWARE' => 'Apache/2.4.51 (Win64) PHP/8.1.0'
    'SERVER_NAME' => 'localhost'
    'SERVER_ADDR' => '::1'
    'SERVER_PORT' => '80'
    'REMOTE_ADDR' => '::1'
    'DOCUMENT_ROOT' => 'C:/wamp64/www'
    'REQUEST_SCHEME' => 'http'
    'CONTEXT_PREFIX' => ''
    'CONTEXT_DOCUMENT_ROOT' => 'C:/wamp64/www'
    'SERVER_ADMIN' => 'wampserver@wampserver.invalid'
    'SCRIPT_FILENAME' => 'C:/wamp64/www/projeto/frontend/web/index.php'
    'REMOTE_PORT' => '49561'
    'GATEWAY_INTERFACE' => 'CGI/1.1'
    'SERVER_PROTOCOL' => 'HTTP/1.1'
    'REQUEST_METHOD' => 'POST'
    'QUERY_STRING' => 'r=site%2Flogin'
    'REQUEST_URI' => '/projeto/frontend/web/index.php?r=site%2Flogin'
    'SCRIPT_NAME' => '/projeto/frontend/web/index.php'
    'PHP_SELF' => '/projeto/frontend/web/index.php'
    'REQUEST_TIME_FLOAT' => 1666629300.811
    'REQUEST_TIME' => 1666629300
]
